This is pdfTeX, Version 3.141592653-2.6-1.40.25 (TeX Live 2023/Debian) (preloaded format=pdflatex 2025.12.20)  20 DEC 2025 23:29
entering extended mode
 restricted \write18 enabled.
 file:line:error style messages enabled.
 %&-line parsing enabled.
**"/home/lounas/Documents/study project/quantum-clustering/Quantum-Image-Processing-Research/report/main-modular.tex"
(/home/lounas/Documents/study project/quantum-clustering/Quantum-Image-Processing-Research/report/main-modular.tex
LaTeX2e <2023-11-01> patch level 1
L3 programming layer <2024-01-22>
(/usr/share/texlive/texmf-dist/tex/latex/base/book.cls
Document Class: book 2023/05/17 v1.4n Standard LaTeX document class
(/usr/share/texlive/texmf-dist/tex/latex/base/bk11.clo
File: bk11.clo 2023/05/17 v1.4n Standard LaTeX file (size option)
)
\c@part=\count187
\c@chapter=\count188
\c@section=\count189
\c@subsection=\count190
\c@subsubsection=\count191
\c@paragraph=\count192
\c@subparagraph=\count193
\c@figure=\count194
\c@table=\count195
\abovecaptionskip=\skip48
\belowcaptionskip=\skip49
\bibindent=\dimen140
) (/usr/share/texlive/texmf-dist/tex/latex/base/inputenc.sty
Package: inputenc 2021/02/14 v1.3d Input encoding file
\inpenc@prehook=\toks17
\inpenc@posthook=\toks18
) (/usr/share/texlive/texmf-dist/tex/latex/base/fontenc.sty
Package: fontenc 2021/04/29 v2.0v Standard LaTeX package
) (/usr/share/texmf/tex/latex/lm/lmodern.sty
Package: lmodern 2015/05/01 v1.6.1 Latin Modern Fonts
LaTeX Font Info:    Overwriting symbol font `operators' in version `normal'
(Font)                  OT1/cmr/m/n --> OT1/lmr/m/n on input line 22.
LaTeX Font Info:    Overwriting symbol font `letters' in version `normal'
(Font)                  OML/cmm/m/it --> OML/lmm/m/it on input line 23.
LaTeX Font Info:    Overwriting symbol font `symbols' in version `normal'
(Font)                  OMS/cmsy/m/n --> OMS/lmsy/m/n on input line 24.
LaTeX Font Info:    Overwriting symbol font `largesymbols' in version `normal'
(Font)                  OMX/cmex/m/n --> OMX/lmex/m/n on input line 25.
LaTeX Font Info:    Overwriting symbol font `operators' in version `bold'
(Font)                  OT1/cmr/bx/n --> OT1/lmr/bx/n on input line 26.
LaTeX Font Info:    Overwriting symbol font `letters' in version `bold'
(Font)                  OML/cmm/b/it --> OML/lmm/b/it on input line 27.
LaTeX Font Info:    Overwriting symbol font `symbols' in version `bold'
(Font)                  OMS/cmsy/b/n --> OMS/lmsy/b/n on input line 28.
LaTeX Font Info:    Overwriting symbol font `largesymbols' in version `bold'
(Font)                  OMX/cmex/m/n --> OMX/lmex/m/n on input line 29.
LaTeX Font Info:    Overwriting math alphabet `\mathbf' in version `normal'
(Font)                  OT1/cmr/bx/n --> OT1/lmr/bx/n on input line 31.
LaTeX Font Info:    Overwriting math alphabet `\mathsf' in version `normal'
(Font)                  OT1/cmss/m/n --> OT1/lmss/m/n on input line 32.
LaTeX Font Info:    Overwriting math alphabet `\mathit' in version `normal'
(Font)                  OT1/cmr/m/it --> OT1/lmr/m/it on input line 33.
LaTeX Font Info:    Overwriting math alphabet `\mathtt' in version `normal'
(Font)                  OT1/cmtt/m/n --> OT1/lmtt/m/n on input line 34.
LaTeX Font Info:    Overwriting math alphabet `\mathbf' in version `bold'
(Font)                  OT1/cmr/bx/n --> OT1/lmr/bx/n on input line 35.
LaTeX Font Info:    Overwriting math alphabet `\mathsf' in version `bold'
(Font)                  OT1/cmss/bx/n --> OT1/lmss/bx/n on input line 36.
LaTeX Font Info:    Overwriting math alphabet `\mathit' in version `bold'
(Font)                  OT1/cmr/bx/it --> OT1/lmr/bx/it on input line 37.
LaTeX Font Info:    Overwriting math alphabet `\mathtt' in version `bold'
(Font)                  OT1/cmtt/m/n --> OT1/lmtt/m/n on input line 38.
) (/usr/share/texlive/texmf-dist/tex/latex/fira/FiraSans.sty
Package: FiraSans 2022/09/17 (Bob Tennent and autoinst) Style file for Fira Sans fonts.
 (/usr/share/texlive/texmf-dist/tex/generic/iftex/ifxetex.sty
Package: ifxetex 2019/10/25 v0.7 ifxetex legacy package. Use iftex instead.
 (/usr/share/texlive/texmf-dist/tex/generic/iftex/iftex.sty
Package: iftex 2022/02/03 v1.0f TeX engine tests
)) (/usr/share/texlive/texmf-dist/tex/generic/iftex/ifluatex.sty
Package: ifluatex 2019/10/25 v1.5 ifluatex legacy package. Use iftex instead.
) (/usr/share/texlive/texmf-dist/tex/latex/xkeyval/xkeyval.sty
Package: xkeyval 2022/06/16 v2.9 package option processing (HA)
 (/usr/share/texlive/texmf-dist/tex/generic/xkeyval/xkeyval.tex (/usr/share/texlive/texmf-dist/tex/generic/xkeyval/xkvutils.tex
\XKV@toks=\toks19
\XKV@tempa@toks=\toks20
 (/usr/share/texlive/texmf-dist/tex/generic/xkeyval/keyval.tex))
\XKV@depth=\count196
File: xkeyval.tex 2014/12/03 v2.7a key=value parser (HA)
)) (/usr/share/texlive/texmf-dist/tex/latex/base/textcomp.sty
Package: textcomp 2020/02/02 v2.0n Standard LaTeX package
) (/usr/share/texlive/texmf-dist/tex/latex/fontaxes/fontaxes.sty
Package: fontaxes 2020/07/21 v1.0e Font selection axes
LaTeX Info: Redefining \upshape on input line 29.
LaTeX Info: Redefining \itshape on input line 31.
LaTeX Info: Redefining \slshape on input line 33.
LaTeX Info: Redefining \swshape on input line 35.
LaTeX Info: Redefining \scshape on input line 37.
LaTeX Info: Redefining \sscshape on input line 39.
LaTeX Info: Redefining \ulcshape on input line 41.
LaTeX Info: Redefining \textsw on input line 47.
LaTeX Info: Redefining \textssc on input line 48.
LaTeX Info: Redefining \textulc on input line 49.
)) (/usr/share/texlive/texmf-dist/tex/latex/sourceserifpro/sourceserifpro.sty
Package: sourceserifpro 2018/11/10 v1.4 Adobe's Source Serif Pro typeface
 (/usr/share/texlive/texmf-dist/tex/latex/base/fontenc.sty
Package: fontenc 2021/04/29 v2.0v Standard LaTeX package
 (/usr/share/texlive/texmf-dist/tex/latex/ly1/ly1enc.def
File: ly1enc.def 2022/06/11 v0.8 TeX 'n ANSI encoding (DPC/KB)
Now handling font encoding LY1 ...
... processing UTF-8 mapping file for font encoding LY1
 (/usr/share/texlive/texmf-dist/tex/latex/base/ly1enc.dfu
File: ly1enc.dfu 2022/06/07 v1.3c UTF-8 support
   defining Unicode char U+00A0 (decimal 160)
   defining Unicode char U+00A1 (decimal 161)
   defining Unicode char U+00A2 (decimal 162)
   defining Unicode char U+00A3 (decimal 163)
   defining Unicode char U+00A4 (decimal 164)
   defining Unicode char U+00A5 (decimal 165)
   defining Unicode char U+00A6 (decimal 166)
   defining Unicode char U+00A7 (decimal 167)
   defining Unicode char U+00AA (decimal 170)
   defining Unicode char U+00AB (decimal 171)
   defining Unicode char U+00AD (decimal 173)
   defining Unicode char U+00AE (decimal 174)
   defining Unicode char U+00B0 (decimal 176)
   defining Unicode char U+00B5 (decimal 181)
   defining Unicode char U+00B6 (decimal 182)
   defining Unicode char U+00B7 (decimal 183)
   defining Unicode char U+00BA (decimal 186)
   defining Unicode char U+00BB (decimal 187)
   defining Unicode char U+00BC (decimal 188)
   defining Unicode char U+00BD (decimal 189)
   defining Unicode char U+00BE (decimal 190)
   defining Unicode char U+00BF (decimal 191)
   defining Unicode char U+00C0 (decimal 192)
   defining Unicode char U+00C1 (decimal 193)
   defining Unicode char U+00C2 (decimal 194)
   defining Unicode char U+00C3 (decimal 195)
   defining Unicode char U+00C4 (decimal 196)
   defining Unicode char U+00C5 (decimal 197)
   defining Unicode char U+00C6 (decimal 198)
   defining Unicode char U+00C7 (decimal 199)
   defining Unicode char U+00C8 (decimal 200)
   defining Unicode char U+00C9 (decimal 201)
   defining Unicode char U+00CA (decimal 202)
   defining Unicode char U+00CB (decimal 203)
   defining Unicode char U+00CC (decimal 204)
   defining Unicode char U+00CD (decimal 205)
   defining Unicode char U+00CE (decimal 206)
   defining Unicode char U+00CF (decimal 207)
   defining Unicode char U+00D0 (decimal 208)
   defining Unicode char U+00D1 (decimal 209)
   defining Unicode char U+00D2 (decimal 210)
   defining Unicode char U+00D3 (decimal 211)
   defining Unicode char U+00D4 (decimal 212)
   defining Unicode char U+00D5 (decimal 213)
   defining Unicode char U+00D6 (decimal 214)
   defining Unicode char U+00D8 (decimal 216)
   defining Unicode char U+00D9 (decimal 217)
   defining Unicode char U+00DA (decimal 218)
   defining Unicode char U+00DB (decimal 219)
   defining Unicode char U+00DC (decimal 220)
   defining Unicode char U+00DD (decimal 221)
   defining Unicode char U+00DE (decimal 222)
   defining Unicode char U+00DF (decimal 223)
   defining Unicode char U+00E0 (decimal 224)
   defining Unicode char U+00E1 (decimal 225)
   defining Unicode char U+00E2 (decimal 226)
   defining Unicode char U+00E3 (decimal 227)
   defining Unicode char U+00E4 (decimal 228)
   defining Unicode char U+00E5 (decimal 229)
   defining Unicode char U+00E6 (decimal 230)
   defining Unicode char U+00E7 (decimal 231)
   defining Unicode char U+00E8 (decimal 232)
   defining Unicode char U+00E9 (decimal 233)
   defining Unicode char U+00EA (decimal 234)
   defining Unicode char U+00EB (decimal 235)
   defining Unicode char U+00EC (decimal 236)
   defining Unicode char U+00ED (decimal 237)
   defining Unicode char U+00EE (decimal 238)
   defining Unicode char U+00EF (decimal 239)
   defining Unicode char U+00F0 (decimal 240)
   defining Unicode char U+00F1 (decimal 241)
   defining Unicode char U+00F2 (decimal 242)
   defining Unicode char U+00F3 (decimal 243)
   defining Unicode char U+00F4 (decimal 244)
   defining Unicode char U+00F5 (decimal 245)
   defining Unicode char U+00F6 (decimal 246)
   defining Unicode char U+00F8 (decimal 248)
   defining Unicode char U+00F9 (decimal 249)
   defining Unicode char U+00FA (decimal 250)
   defining Unicode char U+00FB (decimal 251)
   defining Unicode char U+00FC (decimal 252)
   defining Unicode char U+00FD (decimal 253)
   defining Unicode char U+00FE (decimal 254)
   defining Unicode char U+00FF (decimal 255)
   defining Unicode char U+0131 (decimal 305)
   defining Unicode char U+0141 (decimal 321)
   defining Unicode char U+0142 (decimal 322)
   defining Unicode char U+0152 (decimal 338)
   defining Unicode char U+0153 (decimal 339)
   defining Unicode char U+0160 (decimal 352)
   defining Unicode char U+0161 (decimal 353)
   defining Unicode char U+0174 (decimal 372)
   defining Unicode char U+0175 (decimal 373)
   defining Unicode char U+0176 (decimal 374)
   defining Unicode char U+0177 (decimal 375)
   defining Unicode char U+0178 (decimal 376)
   defining Unicode char U+017D (decimal 381)
   defining Unicode char U+017E (decimal 382)
   defining Unicode char U+0192 (decimal 402)
   defining Unicode char U+0218 (decimal 536)
   defining Unicode char U+0219 (decimal 537)
   defining Unicode char U+021A (decimal 538)
   defining Unicode char U+021B (decimal 539)
   defining Unicode char U+0237 (decimal 567)
   defining Unicode char U+02C6 (decimal 710)
   defining Unicode char U+02DC (decimal 732)
   defining Unicode char U+2013 (decimal 8211)
   defining Unicode char U+2014 (decimal 8212)
   defining Unicode char U+201C (decimal 8220)
   defining Unicode char U+201D (decimal 8221)
   defining Unicode char U+2020 (decimal 8224)
   defining Unicode char U+2021 (decimal 8225)
   defining Unicode char U+2022 (decimal 8226)
   defining Unicode char U+2026 (decimal 8230)
   defining Unicode char U+2030 (decimal 8240)
   defining Unicode char U+2039 (decimal 8249)
   defining Unicode char U+203A (decimal 8250)
   defining Unicode char U+2122 (decimal 8482)
   defining Unicode char U+FB00 (decimal 64256)
   defining Unicode char U+FB01 (decimal 64257)
   defining Unicode char U+FB02 (decimal 64258)
   defining Unicode char U+FB03 (decimal 64259)
   defining Unicode char U+FB04 (decimal 64260)
   defining Unicode char U+FB05 (decimal 64261)
   defining Unicode char U+FB06 (decimal 64262)
))
LaTeX Font Info:    Trying to load font information for T1+FiraSans-OsF on input line 112.
 (/usr/share/texlive/texmf-dist/tex/latex/fira/T1FiraSans-OsF.fd
File: T1FiraSans-OsF.fd 2019/10/10 (autoinst) Font definitions for T1/FiraSans-OsF.
)
LaTeX Font Info:    Font shape `T1/FiraSans-OsF/l/n' in size <10.95> not available
(Font)              Font shape `T1/FiraSans-OsF/light/n' tried instead on input line 112.
LaTeX Font Info:    Font shape `T1/FiraSans-OsF/light/n' will be
(Font)              scaled to size 10.95pt on input line 112.
)) (/usr/share/texlive/texmf-dist/tex/latex/inconsolata/inconsolata.sty
Package: inconsolata 2019/05/17 v1.12
 `inconsolata-zi4' v1.12, 2019/05/17 Text macros for Inconsolata (msharpe)
\zifour@ocount=\count197
) (/usr/share/texlive/texmf-dist/tex/latex/microtype/microtype.sty
Package: microtype 2023/03/13 v3.1a Micro-typographical refinements (RS)
 (/usr/share/texlive/texmf-dist/tex/latex/etoolbox/etoolbox.sty
Package: etoolbox 2020/10/05 v2.5k e-TeX tools for LaTeX (JAW)
\etb@tempcnta=\count198
)
\MT@toks=\toks21
\MT@tempbox=\box51
\MT@count=\count199
LaTeX Info: Redefining \noprotrusionifhmode on input line 1059.
LaTeX Info: Redefining \leftprotrusion on input line 1060.
\MT@prot@toks=\toks22
LaTeX Info: Redefining \rightprotrusion on input line 1078.
LaTeX Info: Redefining \textls on input line 1368.
\MT@outer@kern=\dimen141
LaTeX Info: Redefining \textmicrotypecontext on input line 1988.
\MT@listname@count=\count266
 (/usr/share/texlive/texmf-dist/tex/latex/microtype/microtype-pdftex.def
File: microtype-pdftex.def 2023/03/13 v3.1a Definitions specific to pdftex (RS)
LaTeX Info: Redefining \lsstyle on input line 902.
LaTeX Info: Redefining \lslig on input line 902.
\MT@outer@space=\skip50
)
Package microtype Info: Loading configuration file microtype.cfg.
 (/usr/share/texlive/texmf-dist/tex/latex/microtype/microtype.cfg
File: microtype.cfg 2023/03/13 v3.1a microtype main configuration file (RS)
)) (/usr/share/texlive/texmf-dist/tex/latex/fontawesome5/fontawesome5.sty (/usr/share/texlive/texmf-dist/tex/latex/l3kernel/expl3.sty
Package: expl3 2024-01-22 L3 programming layer (loader) 
 (/usr/share/texlive/texmf-dist/tex/latex/l3backend/l3backend-pdftex.def
File: l3backend-pdftex.def 2024-01-04 L3 backend support: PDF output (pdfTeX)
\l__color_backend_stack_int=\count267
\l__pdf_internal_box=\box52
))
Package: fontawesome5 2022/05/02 v5.15.4 Font Awesome 5
 (/usr/share/texlive/texmf-dist/tex/latex/l3packages/l3keys2e/l3keys2e.sty
Package: l3keys2e 2023-10-10 LaTeX2e option processing using LaTeX3 keys
) (/usr/share/texlive/texmf-dist/tex/latex/l3packages/xparse/xparse.sty
Package: xparse 2023-10-10 L3 Experimental document command parser
) (/usr/share/texlive/texmf-dist/tex/latex/fontawesome5/fontawesome5-generic-helper.sty
Package: fontawesome5-generic-helper 2022/05/02 v5.15.4 non-uTeX helper for fontawesome5
 (/usr/share/texlive/texmf-dist/tex/latex/fontawesome5/fontawesome5-mapping.def)))

/home/lounas/Documents/study project/quantum-clustering/Quantum-Image-Processing-Research/report/main-modular.tex:36: LaTeX Error: Two \documentclass or \documentstyle commands.

See the LaTeX manual or LaTeX Companion for explanation.
Type  H <return>  for immediate help.
 ...                                              
                                                  
l.36 \documentclass{
                    article}
The document may only declare one class.

(/usr/share/texlive/texmf-dist/tex/latex/amsmath/amsmath.sty
Package: amsmath 2023/05/13 v2.17o AMS math features
\@mathmargin=\skip51

For additional information on amsmath, use the `?' option.
(/usr/share/texlive/texmf-dist/tex/latex/amsmath/amstext.sty
Package: amstext 2021/08/26 v2.01 AMS text
 (/usr/share/texlive/texmf-dist/tex/latex/amsmath/amsgen.sty
File: amsgen.sty 1999/11/30 v2.0 generic functions
\@emptytoks=\toks23
\ex@=\dimen142
)) (/usr/share/texlive/texmf-dist/tex/latex/amsmath/amsbsy.sty
Package: amsbsy 1999/11/29 v1.2d Bold Symbols
\pmbraise@=\dimen143
) (/usr/share/texlive/texmf-dist/tex/latex/amsmath/amsopn.sty
Package: amsopn 2022/04/08 v2.04 operator names
)
\inf@bad=\count268
LaTeX Info: Redefining \frac on input line 234.
\uproot@=\count269
\leftroot@=\count270
LaTeX Info: Redefining \overline on input line 399.
LaTeX Info: Redefining \colon on input line 410.
\classnum@=\count271
\DOTSCASE@=\count272
LaTeX Info: Redefining \ldots on input line 496.
LaTeX Info: Redefining \dots on input line 499.
LaTeX Info: Redefining \cdots on input line 620.
\Mathstrutbox@=\box53
\strutbox@=\box54
LaTeX Info: Redefining \big on input line 722.
LaTeX Info: Redefining \Big on input line 723.
LaTeX Info: Redefining \bigg on input line 724.
LaTeX Info: Redefining \Bigg on input line 725.
\big@size=\dimen144
LaTeX Font Info:    Redeclaring font encoding OML on input line 743.
LaTeX Font Info:    Redeclaring font encoding OMS on input line 744.
\macc@depth=\count273
LaTeX Info: Redefining \bmod on input line 905.
LaTeX Info: Redefining \pmod on input line 910.
LaTeX Info: Redefining \smash on input line 940.
LaTeX Info: Redefining \relbar on input line 970.
LaTeX Info: Redefining \Relbar on input line 971.
\c@MaxMatrixCols=\count274
\dotsspace@=\muskip16
\c@parentequation=\count275
\dspbrk@lvl=\count276
\tag@help=\toks24
\row@=\count277
\column@=\count278
\maxfields@=\count279
\andhelp@=\toks25
\eqnshift@=\dimen145
\alignsep@=\dimen146
\tagshift@=\dimen147
\tagwidth@=\dimen148
\totwidth@=\dimen149
\lineht@=\dimen150
\@envbody=\toks26
\multlinegap=\skip52
\multlinetaggap=\skip53
\mathdisplay@stack=\toks27
LaTeX Info: Redefining \[ on input line 2953.
LaTeX Info: Redefining \] on input line 2954.
) (/usr/share/texlive/texmf-dist/tex/latex/amsfonts/amssymb.sty
Package: amssymb 2013/01/14 v3.01 AMS font symbols
 (/usr/share/texlive/texmf-dist/tex/latex/amsfonts/amsfonts.sty
Package: amsfonts 2013/01/14 v3.01 Basic AMSFonts support
\symAMSa=\mathgroup4
\symAMSb=\mathgroup5
LaTeX Font Info:    Redeclaring math symbol \hbar on input line 98.
LaTeX Font Info:    Overwriting math alphabet `\mathfrak' in version `bold'
(Font)                  U/euf/m/n --> U/euf/b/n on input line 106.
)) (/usr/share/texlive/texmf-dist/tex/latex/algorithms/algorithm.sty
Package: algorithm 2009/08/24 v0.1 Document Style `algorithm' - floating environment
 (/usr/share/texlive/texmf-dist/tex/latex/float/float.sty
Package: float 2001/11/08 v1.3d Float enhancements (AL)
\c@float@type=\count280
\float@exts=\toks28
\float@box=\box55
\@float@everytoks=\toks29
\@floatcapt=\box56
) (/usr/share/texlive/texmf-dist/tex/latex/base/ifthen.sty
Package: ifthen 2022/04/13 v1.1d Standard LaTeX ifthen package (DPC)
)
\@float@every@algorithm=\toks30
\c@algorithm=\count281
) (/usr/share/texlive/texmf-dist/tex/latex/algorithmicx/algpseudocode.sty
Package: algpseudocode 
 (/usr/share/texlive/texmf-dist/tex/latex/algorithmicx/algorithmicx.sty
Package: algorithmicx 2005/04/27 v1.2 Algorithmicx

Document Style algorithmicx 1.2 - a greatly improved `algorithmic' style
\c@ALG@line=\count282
\c@ALG@rem=\count283
\c@ALG@nested=\count284
\ALG@tlm=\skip54
\ALG@thistlm=\skip55
\c@ALG@Lnr=\count285
\c@ALG@blocknr=\count286
\c@ALG@storecount=\count287
\c@ALG@tmpcounter=\count288
\ALG@tmplength=\skip56
)
Document Style - pseudocode environments for use with the `algorithmicx' style
) (/usr/share/texlive/texmf-dist/tex/latex/graphics/graphicx.sty
Package: graphicx 2021/09/16 v1.2d Enhanced LaTeX Graphics (DPC,SPQR)
 (/usr/share/texlive/texmf-dist/tex/latex/graphics/graphics.sty
Package: graphics 2022/03/10 v1.4e Standard LaTeX Graphics (DPC,SPQR)
 (/usr/share/texlive/texmf-dist/tex/latex/graphics/trig.sty
Package: trig 2021/08/11 v1.11 sin cos tan (DPC)
) (/usr/share/texlive/texmf-dist/tex/latex/graphics-cfg/graphics.cfg
File: graphics.cfg 2016/06/04 v1.11 sample graphics configuration
)
Package graphics Info: Driver file: pdftex.def on input line 107.
 (/usr/share/texlive/texmf-dist/tex/latex/graphics-def/pdftex.def
File: pdftex.def 2022/09/22 v1.2b Graphics/color driver for pdftex
))
\Gin@req@height=\dimen151
\Gin@req@width=\dimen152
) (/usr/share/texlive/texmf-dist/tex/latex/hyperref/hyperref.sty
Package: hyperref 2024-01-20 v7.01h Hypertext links for LaTeX
 (/usr/share/texlive/texmf-dist/tex/latex/kvsetkeys/kvsetkeys.sty
Package: kvsetkeys 2022-10-05 v1.19 Key value parser (HO)
) (/usr/share/texlive/texmf-dist/tex/generic/kvdefinekeys/kvdefinekeys.sty
Package: kvdefinekeys 2019-12-19 v1.6 Define keys (HO)
) (/usr/share/texlive/texmf-dist/tex/generic/pdfescape/pdfescape.sty
Package: pdfescape 2019/12/09 v1.15 Implements pdfTeX's escape features (HO)
 (/usr/share/texlive/texmf-dist/tex/generic/ltxcmds/ltxcmds.sty
Package: ltxcmds 2023-12-04 v1.26 LaTeX kernel commands for general use (HO)
) (/usr/share/texlive/texmf-dist/tex/generic/pdftexcmds/pdftexcmds.sty
Package: pdftexcmds 2020-06-27 v0.33 Utility functions of pdfTeX for LuaTeX (HO)
 (/usr/share/texlive/texmf-dist/tex/generic/infwarerr/infwarerr.sty
Package: infwarerr 2019/12/03 v1.5 Providing info/warning/error messages (HO)
)
Package pdftexcmds Info: \pdf@primitive is available.
Package pdftexcmds Info: \pdf@ifprimitive is available.
Package pdftexcmds Info: \pdfdraftmode found.
)) (/usr/share/texlive/texmf-dist/tex/latex/hycolor/hycolor.sty
Package: hycolor 2020-01-27 v1.10 Color options for hyperref/bookmark (HO)
) (/usr/share/texlive/texmf-dist/tex/latex/auxhook/auxhook.sty
Package: auxhook 2019-12-17 v1.6 Hooks for auxiliary files (HO)
) (/usr/share/texlive/texmf-dist/tex/latex/hyperref/nameref.sty
Package: nameref 2023-11-26 v2.56 Cross-referencing by name of section
 (/usr/share/texlive/texmf-dist/tex/latex/refcount/refcount.sty
Package: refcount 2019/12/15 v3.6 Data extraction from label references (HO)
) (/usr/share/texlive/texmf-dist/tex/generic/gettitlestring/gettitlestring.sty
Package: gettitlestring 2019/12/15 v1.6 Cleanup title references (HO)
 (/usr/share/texlive/texmf-dist/tex/latex/kvoptions/kvoptions.sty
Package: kvoptions 2022-06-15 v3.15 Key value format for package options (HO)
))
\c@section@level=\count289
)
\@linkdim=\dimen153
\Hy@linkcounter=\count290
\Hy@pagecounter=\count291
 (/usr/share/texlive/texmf-dist/tex/latex/hyperref/pd1enc.def
File: pd1enc.def 2024-01-20 v7.01h Hyperref: PDFDocEncoding definition (HO)
Now handling font encoding PD1 ...
... no UTF-8 mapping file for font encoding PD1
) (/usr/share/texlive/texmf-dist/tex/generic/intcalc/intcalc.sty
Package: intcalc 2019/12/15 v1.3 Expandable calculations with integers (HO)
)
\Hy@SavedSpaceFactor=\count292
 (/usr/share/texlive/texmf-dist/tex/latex/hyperref/puenc.def
File: puenc.def 2024-01-20 v7.01h Hyperref: PDF Unicode definition (HO)
Now handling font encoding PU ...
... no UTF-8 mapping file for font encoding PU
)
Package hyperref Info: Hyper figures OFF on input line 4179.
Package hyperref Info: Link nesting OFF on input line 4184.
Package hyperref Info: Hyper index ON on input line 4187.
Package hyperref Info: Plain pages OFF on input line 4194.
Package hyperref Info: Backreferencing OFF on input line 4199.
Package hyperref Info: Implicit mode ON; LaTeX internals redefined.
Package hyperref Info: Bookmarks ON on input line 4446.
\c@Hy@tempcnt=\count293
 (/usr/share/texlive/texmf-dist/tex/latex/url/url.sty
\Urlmuskip=\muskip17
Package: url 2013/09/16  ver 3.4  Verb mode for urls, etc.
)
LaTeX Info: Redefining \url on input line 4784.
\XeTeXLinkMargin=\dimen154
 (/usr/share/texlive/texmf-dist/tex/generic/bitset/bitset.sty
Package: bitset 2019/12/09 v1.3 Handle bit-vector datatype (HO)
 (/usr/share/texlive/texmf-dist/tex/generic/bigintcalc/bigintcalc.sty
Package: bigintcalc 2019/12/15 v1.5 Expandable calculations on big integers (HO)
))
\Fld@menulength=\count294
\Field@Width=\dimen155
\Fld@charsize=\dimen156
Package hyperref Info: Hyper figures OFF on input line 6063.
Package hyperref Info: Link nesting OFF on input line 6068.
Package hyperref Info: Hyper index ON on input line 6071.
Package hyperref Info: backreferencing OFF on input line 6078.
Package hyperref Info: Link coloring OFF on input line 6083.
Package hyperref Info: Link coloring with OCG OFF on input line 6088.
Package hyperref Info: PDF/A mode OFF on input line 6093.
 (/usr/share/texlive/texmf-dist/tex/latex/base/atbegshi-ltx.sty
Package: atbegshi-ltx 2021/01/10 v1.0c Emulation of the original atbegshi
package with kernel methods
)
\Hy@abspage=\count295
\c@Item=\count296
\c@Hfootnote=\count297
)
Package hyperref Info: Driver (autodetected): hpdftex.
 (/usr/share/texlive/texmf-dist/tex/latex/hyperref/hpdftex.def
File: hpdftex.def 2024-01-20 v7.01h Hyperref driver for pdfTeX
 (/usr/share/texlive/texmf-dist/tex/latex/base/atveryend-ltx.sty
Package: atveryend-ltx 2020/08/19 v1.0a Emulation of the original atveryend package
with kernel methods
)
\Fld@listcount=\count298
\c@bookmark@seq@number=\count299
 (/usr/share/texlive/texmf-dist/tex/latex/rerunfilecheck/rerunfilecheck.sty
Package: rerunfilecheck 2022-07-10 v1.10 Rerun checks for auxiliary files (HO)
 (/usr/share/texlive/texmf-dist/tex/generic/uniquecounter/uniquecounter.sty
Package: uniquecounter 2019/12/15 v1.4 Provide unlimited unique counter (HO)
)
Package uniquecounter Info: New unique counter `rerunfilecheck' on input line 285.
)
\Hy@SectionHShift=\skip57
) (/usr/share/texlive/texmf-dist/tex/latex/natbib/natbib.sty
Package: natbib 2010/09/13 8.31b (PWD, AO)
\bibhang=\skip58
\bibsep=\skip59
LaTeX Info: Redefining \cite on input line 694.
\c@NAT@ctr=\count300
) (/usr/share/texlive/texmf-dist/tex/latex/geometry/geometry.sty
Package: geometry 2020/01/02 v5.9 Page Geometry
 (/usr/share/texlive/texmf-dist/tex/generic/iftex/ifvtex.sty
Package: ifvtex 2019/10/25 v1.7 ifvtex legacy package. Use iftex instead.
)
\Gm@cnth=\count301
\Gm@cntv=\count302
\c@Gm@tempcnt=\count303
\Gm@bindingoffset=\dimen157
\Gm@wd@mp=\dimen158
\Gm@odd@mp=\dimen159
\Gm@even@mp=\dimen160
\Gm@layoutwidth=\dimen161
\Gm@layoutheight=\dimen162
\Gm@layouthoffset=\dimen163
\Gm@layoutvoffset=\dimen164
\Gm@dimlist=\toks31
) (/usr/share/texlive/texmf-dist/tex/latex/xcolor/xcolor.sty
Package: xcolor 2023/11/15 v3.01 LaTeX color extensions (UK)
 (/usr/share/texlive/texmf-dist/tex/latex/graphics-cfg/color.cfg
File: color.cfg 2016/01/02 v1.6 sample color configuration
)
Package xcolor Info: Driver file: pdftex.def on input line 274.
 (/usr/share/texlive/texmf-dist/tex/latex/graphics/mathcolor.ltx)
Package xcolor Info: Model `cmy' substituted by `cmy0' on input line 1350.
Package xcolor Info: Model `hsb' substituted by `rgb' on input line 1354.
Package xcolor Info: Model `RGB' extended on input line 1366.
Package xcolor Info: Model `HTML' substituted by `rgb' on input line 1368.
Package xcolor Info: Model `Hsb' substituted by `hsb' on input line 1369.
Package xcolor Info: Model `tHsb' substituted by `hsb' on input line 1370.
Package xcolor Info: Model `HSB' substituted by `hsb' on input line 1371.
Package xcolor Info: Model `Gray' substituted by `gray' on input line 1372.
Package xcolor Info: Model `wave' substituted by `hsb' on input line 1373.
) (/usr/share/texlive/texmf-dist/tex/latex/graphics/dvipsnam.def
File: dvipsnam.def 2016/06/17 v3.0m Driver-dependent file (DPC,SPQR)
) (/usr/share/texlive/texmf-dist/tex/latex/xcolor/svgnam.def
File: svgnam.def 2023/11/15 v3.01 Predefined colors according to SVG 1.1 (UK)
) (/usr/share/texlive/texmf-dist/tex/latex/xcolor/x11nam.def
File: x11nam.def 2023/11/15 v3.01 Predefined colors according to Unix/X11 (UK)
) (/usr/share/texlive/texmf-dist/tex/latex/caption/subcaption.sty
Package: subcaption 2023/07/28 v1.6b Sub-captions (AR)
 (/usr/share/texlive/texmf-dist/tex/latex/caption/caption.sty
Package: caption 2023/08/05 v3.6o Customizing captions (AR)
 (/usr/share/texlive/texmf-dist/tex/latex/caption/caption3.sty
Package: caption3 2023/07/31 v2.4d caption3 kernel (AR)
\caption@tempdima=\dimen165
\captionmargin=\dimen166
\caption@leftmargin=\dimen167
\caption@rightmargin=\dimen168
\caption@width=\dimen169
\caption@indent=\dimen170
\caption@parindent=\dimen171
\caption@hangindent=\dimen172
Package caption Info: Standard document class detected.
)
\c@caption@flags=\count304
\c@continuedfloat=\count305
Package caption Info: float package is loaded.
Package caption Info: hyperref package is loaded.
)
Package caption Info: New subtype `subfigure' on input line 238.
\c@subfigure=\count306
Package caption Info: New subtype `subtable' on input line 238.
\c@subtable=\count307
) (/usr/share/texlive/texmf-dist/tex/latex/wrapfig/wrapfig.sty
\wrapoverhang=\dimen173
\WF@size=\dimen174
\c@WF@wrappedlines=\count308
\WF@box=\box57
\WF@everypar=\toks32
Package: wrapfig 2003/01/31  v 3.6
) (/usr/share/texlive/texmf-dist/tex/latex/amscls/amsthm.sty
Package: amsthm 2020/05/29 v2.20.6
\thm@style=\toks33
\thm@bodyfont=\toks34
\thm@headfont=\toks35
\thm@notefont=\toks36
\thm@headpunct=\toks37
\thm@preskip=\skip60
\thm@postskip=\skip61
\thm@headsep=\skip62
\dth@everypar=\toks38
) (/usr/share/texlive/texmf-dist/tex/latex/braket/braket.sty) (./physics.sty
Package: physics 
) (/usr/share/texlive/texmf-dist/tex/latex/qcircuit/qcircuit.sty
Package: qcircuit 2018/08/14
 (/usr/share/texlive/texmf-dist/tex/generic/xypic/xy.sty (/usr/share/texlive/texmf-dist/tex/generic/xypic/xy.tex Bootstrap'ing: catcodes, docmode, (/usr/share/texlive/texmf-dist/tex/generic/xypic/xyrecat.tex) (/usr/share/texlive/texmf-dist/tex/generic/xypic/xyidioms.tex)

 Xy-pic version 3.8.9 <2013/10/06>
 Copyright (c) 1991-2013 by Kristoffer H. Rose <krisrose@tug.org> and others
 Xy-pic is free software: see the User's Guide for details.

Loading kernel: messages; fonts; allocations: state,
\X@c=\dimen175
\Y@c=\dimen176
\U@c=\dimen177
\D@c=\dimen178
\L@c=\dimen179
\R@c=\dimen180
\Edge@c=\toks39
\X@p=\dimen181
\Y@p=\dimen182
\U@p=\dimen183
\D@p=\dimen184
\L@p=\dimen185
\R@p=\dimen186
\Edge@p=\toks40
\X@origin=\dimen187
\Y@origin=\dimen188
\X@xbase=\dimen189
\Y@xbase=\dimen190
\X@ybase=\dimen191
\Y@ybase=\dimen192
\X@min=\dimen193
\Y@min=\dimen194
\X@max=\dimen195
\Y@max=\dimen196
\lastobjectbox@=\box58
\zerodotbox@=\box59
\almostz@=\dimen197
 direction,
\d@X=\dimen198
\d@Y=\dimen199
\K@=\count309
\KK@=\count310
\Direction=\count311
\K@dXdY=\dimen256
\K@dYdX=\dimen257
\xyread@=\read2
\xywrite@=\write3
\csp@=\count312
\quotPTK@=\dimen258
 utility macros; pictures: \xy, positions,
\swaptoks@@=\toks41
\connectobjectbox@@=\box60
 objects,
\styletoks@=\toks42
 decorations; kernel objects: directionals, circles, text; options; algorithms: directions, edges, connections;  Xy-pic loaded) (/usr/share/texlive/texmf-dist/tex/generic/iftex/ifpdf.sty
Package: ifpdf 2019/10/25 v3.4 ifpdf legacy package. Use iftex instead.
)
Package: xy 2013/10/06 Xy-pic version 3.8.9
 (/usr/share/texlive/texmf-dist/tex/generic/xypic/xypdf.tex  Xy-pic option: PDF driver v.1.7 loaded)) (/usr/share/texlive/texmf-dist/tex/generic/xypic/xymatrix.tex  Xy-pic option: Matrix feature v.3.14
\Row=\count313
\Col=\count314
\queue@=\toks43
\queue@@=\toks44
\qcount@=\count315
\qcount@@=\count316
\matrixsize@=\count317
 loaded) (/usr/share/texlive/texmf-dist/tex/generic/xypic/xyframe.tex  Xy-pic option: Frame and Bracket extension v.3.14 loaded) Xy-pic pdf driver: `frame' extension support (/usr/share/texlive/texmf-dist/tex/generic/xypic/xypdf-fr.tex (/usr/share/texlive/texmf-dist/tex/generic/xypic/xycurve.tex  Xy-pic option: Curve and Spline extension v.3.12 curve,
\crv@cnt@=\count318
\crvpts@=\toks45
\splinebox@=\box61
\splineval@=\dimen259
\splinedepth@=\dimen260
\splinetol@=\dimen261
\splinelength@=\dimen262
 circles,
\L@=\dimen263
 loaded) Xy-pic pdf driver: `curve' extension support (/usr/share/texlive/texmf-dist/tex/generic/xypic/xypdf-cu.tex loaded) loaded) (/usr/share/texlive/texmf-dist/tex/generic/xypic/xyarrow.tex  Xy-pic option: Arrow and Path feature v.3.9 path, \ar, loaded) (/usr/share/texlive/texmf-dist/tex/generic/xypic/xyarc.tex  Xy-pic option: Circle, Ellipse, Arc feature v.3.8 circles, ellipses, elliptical arcs, loaded)) (/usr/share/texlive/texmf-dist/tex/latex/booktabs/booktabs.sty
Package: booktabs 2020/01/12 v1.61803398 Publication quality tables
\heavyrulewidth=\dimen264
\lightrulewidth=\dimen265
\cmidrulewidth=\dimen266
\belowrulesep=\dimen267
\belowbottomsep=\dimen268
\aboverulesep=\dimen269
\abovetopsep=\dimen270
\cmidrulesep=\dimen271
\cmidrulekern=\dimen272
\defaultaddspace=\dimen273
\@cmidla=\count319
\@cmidlb=\count320
\@aboverulesep=\dimen274
\@belowrulesep=\dimen275
\@thisruleclass=\count321
\@lastruleclass=\count322
\@thisrulewidth=\dimen276
) (/usr/share/texlive/texmf-dist/tex/latex/tools/longtable.sty
Package: longtable 2023-11-01 v4.19 Multi-page Table package (DPC)
\LTleft=\skip63
\LTright=\skip64
\LTpre=\skip65
\LTpost=\skip66
\LTchunksize=\count323
\LTcapwidth=\dimen277
\LT@head=\box62
\LT@firsthead=\box63
\LT@foot=\box64
\LT@lastfoot=\box65
\LT@gbox=\box66
\LT@cols=\count324
\LT@rows=\count325
\c@LT@tables=\count326
\c@LT@chunks=\count327
\LT@p@ftn=\toks46
) (/usr/share/texlive/texmf-dist/tex/latex/tools/array.sty
Package: array 2023/10/16 v2.5g Tabular extension package (FMi)
\col@sep=\dimen278
\ar@mcellbox=\box67
\extrarowheight=\dimen279
\NC@list=\toks47
\extratabsurround=\skip67
\backup@length=\skip68
\ar@cellbox=\box68
) (/usr/share/texlive/texmf-dist/tex/latex/multirow/multirow.sty
Package: multirow 2021/03/15 v2.8 Span multiple rows of a table
\multirow@colwidth=\skip69
\multirow@cntb=\count328
\multirow@dima=\skip70
\bigstrutjot=\dimen280
) (/usr/share/texlive/texmf-dist/tex/latex/colortbl/colortbl.sty
Package: colortbl 2022/06/20 v1.0f Color table columns (DPC)
\everycr=\toks48
\minrowclearance=\skip71
\rownum=\count329
) (/usr/share/texlive/texmf-dist/tex/latex/tocloft/tocloft.sty
Package: tocloft 2017/08/31 v2.3i parameterised ToC, etc., typesetting
Package tocloft Info: The document has chapter divisions on input line 51.
\cftparskip=\skip72
\cftbeforetoctitleskip=\skip73
\cftaftertoctitleskip=\skip74
\cftbeforepartskip=\skip75
\cftpartnumwidth=\skip76
\cftpartindent=\skip77
\cftbeforechapskip=\skip78
\cftchapindent=\skip79
\cftchapnumwidth=\skip80
\cftbeforesecskip=\skip81
\cftsecindent=\skip82
\cftsecnumwidth=\skip83
\cftbeforesubsecskip=\skip84
\cftsubsecindent=\skip85
\cftsubsecnumwidth=\skip86
\cftbeforesubsubsecskip=\skip87
\cftsubsubsecindent=\skip88
\cftsubsubsecnumwidth=\skip89
\cftbeforeparaskip=\skip90
\cftparaindent=\skip91
\cftparanumwidth=\skip92
\cftbeforesubparaskip=\skip93
\cftsubparaindent=\skip94
\cftsubparanumwidth=\skip95
\cftbeforeloftitleskip=\skip96
\cftafterloftitleskip=\skip97
\cftbeforefigskip=\skip98
\cftfigindent=\skip99
\cftfignumwidth=\skip100
\c@lofdepth=\count330
\c@lotdepth=\count331
\cftbeforelottitleskip=\skip101
\cftafterlottitleskip=\skip102
\cftbeforetabskip=\skip103
\cfttabindent=\skip104
\cfttabnumwidth=\skip105
) (/usr/share/texlive/texmf-dist/tex/latex/listings/listings.sty
\lst@mode=\count332
\lst@gtempboxa=\box69
\lst@token=\toks49
\lst@length=\count333
\lst@currlwidth=\dimen281
\lst@column=\count334
\lst@pos=\count335
\lst@lostspace=\dimen282
\lst@width=\dimen283
\lst@newlines=\count336
\lst@lineno=\count337
\lst@maxwidth=\dimen284
 (/usr/share/texlive/texmf-dist/tex/latex/listings/lstmisc.sty
File: lstmisc.sty 2023/02/27 1.9 (Carsten Heinz)
\c@lstnumber=\count338
\lst@skipnumbers=\count339
\lst@framebox=\box70
) (/usr/share/texlive/texmf-dist/tex/latex/listings/listings.cfg
File: listings.cfg 2023/02/27 1.9 listings configuration
))
Package: listings 2023/02/27 1.9 (Carsten Heinz)
 (/usr/share/texlive/texmf-dist/tex/latex/algorithms/algorithmic.sty
Package: algorithmic 2009/08/24 v0.1 Document Style `algorithmic'
\c@ALC@unique=\count340
\c@ALC@line=\count341
\c@ALC@rem=\count342
\c@ALC@depth=\count343
\ALC@tlm=\skip106


/usr/share/texlive/texmf-dist/tex/latex/algorithms/algorithmic.sty:51: LaTeX Error: Command \algorithmicindent already defined.
               Or name \end... illegal, see p.192 of the manual.

See the LaTeX manual or LaTeX Companion for explanation.
Type  H <return>  for immediate help.
 ...                                              
                                                  
l.51 \newlength{\algorithmicindent}
                                   
Your command was ignored.
Type  I <command> <return>  to replace it with another command,
or  <return>  to continue without it.


/usr/share/texlive/texmf-dist/tex/latex/algorithms/algorithmic.sty:52: LaTeX Error: Missing \begin{document}.

See the LaTeX manual or LaTeX Companion for explanation.
Type  H <return>  for immediate help.
 ...                                              
                                                  
l.52 \setlength{\algorithmicindent}{0pt}
                                        
You're in trouble here.  Try typing  <return>  to proceed.
If that doesn't work, type  X <return>  to quit.


/usr/share/texlive/texmf-dist/tex/latex/algorithms/algorithmic.sty:66: LaTeX Error: Command \algorithmicrequire already defined.
               Or name \end... illegal, see p.192 of the manual.

See the LaTeX manual or LaTeX Companion for explanation.
Type  H <return>  for immediate help.
 ...                                              
                                                  
l.66 ...nd{\algorithmicrequire}{\textbf{Require:}}
                                                  
Your command was ignored.
Type  I <command> <return>  to replace it with another command,
or  <return>  to continue without it.


/usr/share/texlive/texmf-dist/tex/latex/algorithms/algorithmic.sty:67: LaTeX Error: Command \algorithmicensure already defined.
               Or name \end... illegal, see p.192 of the manual.

See the LaTeX manual or LaTeX Companion for explanation.
Type  H <return>  for immediate help.
 ...                                              
                                                  
l.67 ...mand{\algorithmicensure}{\textbf{Ensure:}}
                                                  
Your command was ignored.
Type  I <command> <return>  to replace it with another command,
or  <return>  to continue without it.


/usr/share/texlive/texmf-dist/tex/latex/algorithms/algorithmic.sty:68: LaTeX Error: Command \algorithmiccomment already defined.
               Or name \end... illegal, see p.192 of the manual.

See the LaTeX manual or LaTeX Companion for explanation.
Type  H <return>  for immediate help.
 ...                                              
                                                  
l.68 \newcommand{\algorithmiccomment}[1]{\{#1\}}
                                                
Your command was ignored.
Type  I <command> <return>  to replace it with another command,
or  <return>  to continue without it.


/usr/share/texlive/texmf-dist/tex/latex/algorithms/algorithmic.sty:69: LaTeX Error: Command \algorithmicend already defined.
               Or name \end... illegal, see p.192 of the manual.

See the LaTeX manual or LaTeX Companion for explanation.
Type  H <return>  for immediate help.
 ...                                              
                                                  
l.69 \newcommand{\algorithmicend}{\textbf{end}}
                                               
Your command was ignored.
Type  I <command> <return>  to replace it with another command,
or  <return>  to continue without it.


/usr/share/texlive/texmf-dist/tex/latex/algorithms/algorithmic.sty:70: LaTeX Error: Command \algorithmicif already defined.
               Or name \end... illegal, see p.192 of the manual.

See the LaTeX manual or LaTeX Companion for explanation.
Type  H <return>  for immediate help.
 ...                                              
                                                  
l.70 \newcommand{\algorithmicif}{\textbf{if}}
                                             
Your command was ignored.
Type  I <command> <return>  to replace it with another command,
or  <return>  to continue without it.


/usr/share/texlive/texmf-dist/tex/latex/algorithms/algorithmic.sty:71: LaTeX Error: Command \algorithmicthen already defined.
               Or name \end... illegal, see p.192 of the manual.

See the LaTeX manual or LaTeX Companion for explanation.
Type  H <return>  for immediate help.
 ...                                              
                                                  
l.71 \newcommand{\algorithmicthen}{\textbf{then}}
                                                 
Your command was ignored.
Type  I <command> <return>  to replace it with another command,
or  <return>  to continue without it.


/usr/share/texlive/texmf-dist/tex/latex/algorithms/algorithmic.sty:72: LaTeX Error: Command \algorithmicelse already defined.
               Or name \end... illegal, see p.192 of the manual.

See the LaTeX manual or LaTeX Companion for explanation.
Type  H <return>  for immediate help.
 ...                                              
                                                  
l.72 \newcommand{\algorithmicelse}{\textbf{else}}
                                                 
Your command was ignored.
Type  I <command> <return>  to replace it with another command,
or  <return>  to continue without it.


/usr/share/texlive/texmf-dist/tex/latex/algorithms/algorithmic.sty:75: LaTeX Error: Command \algorithmicfor already defined.
               Or name \end... illegal, see p.192 of the manual.

See the LaTeX manual or LaTeX Companion for explanation.
Type  H <return>  for immediate help.
 ...                                              
                                                  
l.75 \newcommand{\algorithmicfor}{\textbf{for}}
                                               
Your command was ignored.
Type  I <command> <return>  to replace it with another command,
or  <return>  to continue without it.


/usr/share/texlive/texmf-dist/tex/latex/algorithms/algorithmic.sty:76: LaTeX Error: Command \algorithmicforall already defined.
               Or name \end... illegal, see p.192 of the manual.

See the LaTeX manual or LaTeX Companion for explanation.
Type  H <return>  for immediate help.
 ...                                              
                                                  
l.76 ...mand{\algorithmicforall}{\textbf{for all}}
                                                  
Your command was ignored.
Type  I <command> <return>  to replace it with another command,
or  <return>  to continue without it.


/usr/share/texlive/texmf-dist/tex/latex/algorithms/algorithmic.sty:77: LaTeX Error: Command \algorithmicdo already defined.
               Or name \end... illegal, see p.192 of the manual.

See the LaTeX manual or LaTeX Companion for explanation.
Type  H <return>  for immediate help.
 ...                                              
                                                  
l.77 \newcommand{\algorithmicdo}{\textbf{do}}
                                             
Your command was ignored.
Type  I <command> <return>  to replace it with another command,
or  <return>  to continue without it.


/usr/share/texlive/texmf-dist/tex/latex/algorithms/algorithmic.sty:79: LaTeX Error: Command \algorithmicwhile already defined.
               Or name \end... illegal, see p.192 of the manual.

See the LaTeX manual or LaTeX Companion for explanation.
Type  H <return>  for immediate help.
 ...                                              
                                                  
l.79 ...command{\algorithmicwhile}{\textbf{while}}
                                                  
Your command was ignored.
Type  I <command> <return>  to replace it with another command,
or  <return>  to continue without it.


/usr/share/texlive/texmf-dist/tex/latex/algorithms/algorithmic.sty:81: LaTeX Error: Command \algorithmicloop already defined.
               Or name \end... illegal, see p.192 of the manual.

See the LaTeX manual or LaTeX Companion for explanation.
Type  H <return>  for immediate help.
 ...                                              
                                                  
l.81 \newcommand{\algorithmicloop}{\textbf{loop}}
                                                 
Your command was ignored.
Type  I <command> <return>  to replace it with another command,
or  <return>  to continue without it.


/usr/share/texlive/texmf-dist/tex/latex/algorithms/algorithmic.sty:83: LaTeX Error: Command \algorithmicrepeat already defined.
               Or name \end... illegal, see p.192 of the manual.

See the LaTeX manual or LaTeX Companion for explanation.
Type  H <return>  for immediate help.
 ...                                              
                                                  
l.83 ...mmand{\algorithmicrepeat}{\textbf{repeat}}
                                                  
Your command was ignored.
Type  I <command> <return>  to replace it with another command,
or  <return>  to continue without it.


/usr/share/texlive/texmf-dist/tex/latex/algorithms/algorithmic.sty:84: LaTeX Error: Command \algorithmicuntil already defined.
               Or name \end... illegal, see p.192 of the manual.

See the LaTeX manual or LaTeX Companion for explanation.
Type  H <return>  for immediate help.
 ...                                              
                                                  
l.84 ...command{\algorithmicuntil}{\textbf{until}}
                                                  
Your command was ignored.
Type  I <command> <return>  to replace it with another command,
or  <return>  to continue without it.


/usr/share/texlive/texmf-dist/tex/latex/algorithms/algorithmic.sty:86: LaTeX Error: Command \algorithmicreturn already defined.
               Or name \end... illegal, see p.192 of the manual.

See the LaTeX manual or LaTeX Companion for explanation.
Type  H <return>  for immediate help.
 ...                                              
                                                  
l.86 ...mmand{\algorithmicreturn}{\textbf{return}}
                                                  
Your command was ignored.
Type  I <command> <return>  to replace it with another command,
or  <return>  to continue without it.


/usr/share/texlive/texmf-dist/tex/latex/algorithms/algorithmic.sty:229: LaTeX Error: Command \algorithmic already defined.
               Or name \end... illegal, see p.192 of the manual.

See the LaTeX manual or LaTeX Companion for explanation.
Type  H <return>  for immediate help.
 ...                                              
                                                  
l.229 {\end{list}}
                  
Your command was ignored.
Type  I <command> <return>  to replace it with another command,
or  <return>  to continue without it.

)

/home/lounas/Documents/study project/quantum-clustering/Quantum-Image-Processing-Research/report/main-modular.tex:122: LaTeX Error: Option clash for package natbib.

See the LaTeX manual or LaTeX Companion for explanation.
Type  H <return>  for immediate help.
 ...                                              
                                                  
l.122 
      
The package natbib has already been loaded with options:
  [numbers]
There has now been an attempt to load it with options
  [numbers,sort&compress]
Adding the global options:
  numbers,numbers,sort&compress
to your \documentclass declaration may fix this.
Try typing  <return>  to proceed.

Package hyperref Info: Option `colorlinks' set `true' on input line 132.
(/usr/share/texlive/texmf-dist/tex/latex/fancyhdr/fancyhdr.sty
Package: fancyhdr 2022/11/09 v4.1 Extensive control of page headers and footers
\f@nch@headwidth=\skip107
\f@nch@O@elh=\skip108
\f@nch@O@erh=\skip109
\f@nch@O@olh=\skip110
\f@nch@O@orh=\skip111
\f@nch@O@elf=\skip112
\f@nch@O@erf=\skip113
\f@nch@O@olf=\skip114
\f@nch@O@orf=\skip115
) (/usr/share/texlive/texmf-dist/tex/latex/titlesec/titlesec.sty
Package: titlesec 2023/10/27 v2.16 Sectioning titles
\ttl@box=\box71
\beforetitleunit=\skip116
\aftertitleunit=\skip117
\ttl@plus=\dimen285
\ttl@minus=\dimen286
\ttl@toksa=\toks50
\titlewidth=\dimen287
\titlewidthlast=\dimen288
\titlewidthfirst=\dimen289
) (/usr/share/texlive/texmf-dist/tex/latex/tcolorbox/tcolorbox.sty
Package: tcolorbox 2024/01/10 version 6.2.0 text color boxes
 (/usr/share/texlive/texmf-dist/tex/latex/pgf/basiclayer/pgf.sty (/usr/share/texlive/texmf-dist/tex/latex/pgf/utilities/pgfrcs.sty (/usr/share/texlive/texmf-dist/tex/generic/pgf/utilities/pgfutil-common.tex
\pgfutil@everybye=\toks51
\pgfutil@tempdima=\dimen290
\pgfutil@tempdimb=\dimen291
) (/usr/share/texlive/texmf-dist/tex/generic/pgf/utilities/pgfutil-latex.def
\pgfutil@abb=\box72
) (/usr/share/texlive/texmf-dist/tex/generic/pgf/utilities/pgfrcs.code.tex (/usr/share/texlive/texmf-dist/tex/generic/pgf/pgf.revision.tex)
Package: pgfrcs 2023-01-15 v3.1.10 (3.1.10)
))
Package: pgf 2023-01-15 v3.1.10 (3.1.10)
 (/usr/share/texlive/texmf-dist/tex/latex/pgf/basiclayer/pgfcore.sty (/usr/share/texlive/texmf-dist/tex/latex/pgf/systemlayer/pgfsys.sty (/usr/share/texlive/texmf-dist/tex/generic/pgf/systemlayer/pgfsys.code.tex
Package: pgfsys 2023-01-15 v3.1.10 (3.1.10)
 (/usr/share/texlive/texmf-dist/tex/generic/pgf/utilities/pgfkeys.code.tex
\pgfkeys@pathtoks=\toks52
\pgfkeys@temptoks=\toks53
 (/usr/share/texlive/texmf-dist/tex/generic/pgf/utilities/pgfkeyslibraryfiltered.code.tex
\pgfkeys@tmptoks=\toks54
))
\pgf@x=\dimen292
\pgf@y=\dimen293
\pgf@xa=\dimen294
\pgf@ya=\dimen295
\pgf@xb=\dimen296
\pgf@yb=\dimen297
\pgf@xc=\dimen298
\pgf@yc=\dimen299
\pgf@xd=\dimen300
\pgf@yd=\dimen301
\w@pgf@writea=\write4
\r@pgf@reada=\read3
\c@pgf@counta=\count344
\c@pgf@countb=\count345
\c@pgf@countc=\count346
\c@pgf@countd=\count347
\t@pgf@toka=\toks55
\t@pgf@tokb=\toks56
\t@pgf@tokc=\toks57
\pgf@sys@id@count=\count348
 (/usr/share/texlive/texmf-dist/tex/generic/pgf/systemlayer/pgf.cfg
File: pgf.cfg 2023-01-15 v3.1.10 (3.1.10)
)
Driver file for pgf: pgfsys-pdftex.def
 (/usr/share/texlive/texmf-dist/tex/generic/pgf/systemlayer/pgfsys-pdftex.def
File: pgfsys-pdftex.def 2023-01-15 v3.1.10 (3.1.10)
 (/usr/share/texlive/texmf-dist/tex/generic/pgf/systemlayer/pgfsys-common-pdf.def
File: pgfsys-common-pdf.def 2023-01-15 v3.1.10 (3.1.10)
))) (/usr/share/texlive/texmf-dist/tex/generic/pgf/systemlayer/pgfsyssoftpath.code.tex
File: pgfsyssoftpath.code.tex 2023-01-15 v3.1.10 (3.1.10)
\pgfsyssoftpath@smallbuffer@items=\count349
\pgfsyssoftpath@bigbuffer@items=\count350
) (/usr/share/texlive/texmf-dist/tex/generic/pgf/systemlayer/pgfsysprotocol.code.tex
File: pgfsysprotocol.code.tex 2023-01-15 v3.1.10 (3.1.10)
)) (/usr/share/texlive/texmf-dist/tex/generic/pgf/basiclayer/pgfcore.code.tex
Package: pgfcore 2023-01-15 v3.1.10 (3.1.10)
 (/usr/share/texlive/texmf-dist/tex/generic/pgf/math/pgfmath.code.tex (/usr/share/texlive/texmf-dist/tex/generic/pgf/math/pgfmathutil.code.tex) (/usr/share/texlive/texmf-dist/tex/generic/pgf/math/pgfmathparser.code.tex
\pgfmath@dimen=\dimen302
\pgfmath@count=\count351
\pgfmath@box=\box73
\pgfmath@toks=\toks58
\pgfmath@stack@operand=\toks59
\pgfmath@stack@operation=\toks60
) (/usr/share/texlive/texmf-dist/tex/generic/pgf/math/pgfmathfunctions.code.tex) (/usr/share/texlive/texmf-dist/tex/generic/pgf/math/pgfmathfunctions.basic.code.tex) (/usr/share/texlive/texmf-dist/tex/generic/pgf/math/pgfmathfunctions.trigonometric.code.tex) (/usr/share/texlive/texmf-dist/tex/generic/pgf/math/pgfmathfunctions.random.code.tex) (/usr/share/texlive/texmf-dist/tex/generic/pgf/math/pgfmathfunctions.comparison.code.tex) (/usr/share/texlive/texmf-dist/tex/generic/pgf/math/pgfmathfunctions.base.code.tex) (/usr/share/texlive/texmf-dist/tex/generic/pgf/math/pgfmathfunctions.round.code.tex) (/usr/share/texlive/texmf-dist/tex/generic/pgf/math/pgfmathfunctions.misc.code.tex) (/usr/share/texlive/texmf-dist/tex/generic/pgf/math/pgfmathfunctions.integerarithmetics.code.tex) (/usr/share/texlive/texmf-dist/tex/generic/pgf/math/pgfmathcalc.code.tex) (/usr/share/texlive/texmf-dist/tex/generic/pgf/math/pgfmathfloat.code.tex
\c@pgfmathroundto@lastzeros=\count352
)) (/usr/share/texlive/texmf-dist/tex/generic/pgf/math/pgfint.code.tex) (/usr/share/texlive/texmf-dist/tex/generic/pgf/basiclayer/pgfcorepoints.code.tex
File: pgfcorepoints.code.tex 2023-01-15 v3.1.10 (3.1.10)
\pgf@picminx=\dimen303
\pgf@picmaxx=\dimen304
\pgf@picminy=\dimen305
\pgf@picmaxy=\dimen306
\pgf@pathminx=\dimen307
\pgf@pathmaxx=\dimen308
\pgf@pathminy=\dimen309
\pgf@pathmaxy=\dimen310
\pgf@xx=\dimen311
\pgf@xy=\dimen312
\pgf@yx=\dimen313
\pgf@yy=\dimen314
\pgf@zx=\dimen315
\pgf@zy=\dimen316
) (/usr/share/texlive/texmf-dist/tex/generic/pgf/basiclayer/pgfcorepathconstruct.code.tex
File: pgfcorepathconstruct.code.tex 2023-01-15 v3.1.10 (3.1.10)
\pgf@path@lastx=\dimen317
\pgf@path@lasty=\dimen318
) (/usr/share/texlive/texmf-dist/tex/generic/pgf/basiclayer/pgfcorepathusage.code.tex
File: pgfcorepathusage.code.tex 2023-01-15 v3.1.10 (3.1.10)
\pgf@shorten@end@additional=\dimen319
\pgf@shorten@start@additional=\dimen320
) (/usr/share/texlive/texmf-dist/tex/generic/pgf/basiclayer/pgfcorescopes.code.tex
File: pgfcorescopes.code.tex 2023-01-15 v3.1.10 (3.1.10)
\pgfpic=\box74
\pgf@hbox=\box75
\pgf@layerbox@main=\box76
\pgf@picture@serial@count=\count353
) (/usr/share/texlive/texmf-dist/tex/generic/pgf/basiclayer/pgfcoregraphicstate.code.tex
File: pgfcoregraphicstate.code.tex 2023-01-15 v3.1.10 (3.1.10)
\pgflinewidth=\dimen321
) (/usr/share/texlive/texmf-dist/tex/generic/pgf/basiclayer/pgfcoretransformations.code.tex
File: pgfcoretransformations.code.tex 2023-01-15 v3.1.10 (3.1.10)
\pgf@pt@x=\dimen322
\pgf@pt@y=\dimen323
\pgf@pt@temp=\dimen324
) (/usr/share/texlive/texmf-dist/tex/generic/pgf/basiclayer/pgfcorequick.code.tex
File: pgfcorequick.code.tex 2023-01-15 v3.1.10 (3.1.10)
) (/usr/share/texlive/texmf-dist/tex/generic/pgf/basiclayer/pgfcoreobjects.code.tex
File: pgfcoreobjects.code.tex 2023-01-15 v3.1.10 (3.1.10)
) (/usr/share/texlive/texmf-dist/tex/generic/pgf/basiclayer/pgfcorepathprocessing.code.tex
File: pgfcorepathprocessing.code.tex 2023-01-15 v3.1.10 (3.1.10)
) (/usr/share/texlive/texmf-dist/tex/generic/pgf/basiclayer/pgfcorearrows.code.tex
File: pgfcorearrows.code.tex 2023-01-15 v3.1.10 (3.1.10)
\pgfarrowsep=\dimen325
) (/usr/share/texlive/texmf-dist/tex/generic/pgf/basiclayer/pgfcoreshade.code.tex
File: pgfcoreshade.code.tex 2023-01-15 v3.1.10 (3.1.10)
\pgf@max=\dimen326
\pgf@sys@shading@range@num=\count354
\pgf@shadingcount=\count355
) (/usr/share/texlive/texmf-dist/tex/generic/pgf/basiclayer/pgfcoreimage.code.tex
File: pgfcoreimage.code.tex 2023-01-15 v3.1.10 (3.1.10)
) (/usr/share/texlive/texmf-dist/tex/generic/pgf/basiclayer/pgfcoreexternal.code.tex
File: pgfcoreexternal.code.tex 2023-01-15 v3.1.10 (3.1.10)
\pgfexternal@startupbox=\box77
) (/usr/share/texlive/texmf-dist/tex/generic/pgf/basiclayer/pgfcorelayers.code.tex
File: pgfcorelayers.code.tex 2023-01-15 v3.1.10 (3.1.10)
) (/usr/share/texlive/texmf-dist/tex/generic/pgf/basiclayer/pgfcoretransparency.code.tex
File: pgfcoretransparency.code.tex 2023-01-15 v3.1.10 (3.1.10)
) (/usr/share/texlive/texmf-dist/tex/generic/pgf/basiclayer/pgfcorepatterns.code.tex
File: pgfcorepatterns.code.tex 2023-01-15 v3.1.10 (3.1.10)
) (/usr/share/texlive/texmf-dist/tex/generic/pgf/basiclayer/pgfcorerdf.code.tex
File: pgfcorerdf.code.tex 2023-01-15 v3.1.10 (3.1.10)
))) (/usr/share/texlive/texmf-dist/tex/generic/pgf/modules/pgfmoduleshapes.code.tex
File: pgfmoduleshapes.code.tex 2023-01-15 v3.1.10 (3.1.10)
\pgfnodeparttextbox=\box78
) (/usr/share/texlive/texmf-dist/tex/generic/pgf/modules/pgfmoduleplot.code.tex
File: pgfmoduleplot.code.tex 2023-01-15 v3.1.10 (3.1.10)
) (/usr/share/texlive/texmf-dist/tex/latex/pgf/compatibility/pgfcomp-version-0-65.sty
Package: pgfcomp-version-0-65 2023-01-15 v3.1.10 (3.1.10)
\pgf@nodesepstart=\dimen327
\pgf@nodesepend=\dimen328
) (/usr/share/texlive/texmf-dist/tex/latex/pgf/compatibility/pgfcomp-version-1-18.sty
Package: pgfcomp-version-1-18 2023-01-15 v3.1.10 (3.1.10)
)) (/usr/share/texlive/texmf-dist/tex/latex/tools/verbatim.sty
Package: verbatim 2023-11-06 v1.5v LaTeX2e package for verbatim enhancements
\every@verbatim=\toks61
\verbatim@line=\toks62
\verbatim@in@stream=\read4
) (/usr/share/texlive/texmf-dist/tex/latex/environ/environ.sty
Package: environ 2014/05/04 v0.3 A new way to define environments
 (/usr/share/texlive/texmf-dist/tex/latex/trimspaces/trimspaces.sty
Package: trimspaces 2009/09/17 v1.1 Trim spaces around a token list
))
\tcb@titlebox=\box79
\tcb@upperbox=\box80
\tcb@lowerbox=\box81
\tcb@phantombox=\box82
\c@tcbbreakpart=\count356
\c@tcblayer=\count357
\c@tcolorbox@number=\count358
\l__tcobox_tmpa_box=\box83
\l__tcobox_tmpa_dim=\dimen329
\tcb@temp=\box84
\tcb@temp=\box85
\tcb@temp=\box86
\tcb@temp=\box87
) (/usr/share/texlive/texmf-dist/tex/latex/tcolorbox/tcbskins.code.tex
Library (tcolorbox): 'tcbskins.code.tex' version '6.2.0'
(/usr/share/texlive/texmf-dist/tex/latex/pgf/frontendlayer/tikz.sty (/usr/share/texlive/texmf-dist/tex/latex/pgf/utilities/pgffor.sty (/usr/share/texlive/texmf-dist/tex/latex/pgf/utilities/pgfkeys.sty (/usr/share/texlive/texmf-dist/tex/generic/pgf/utilities/pgfkeys.code.tex)) (/usr/share/texlive/texmf-dist/tex/latex/pgf/math/pgfmath.sty (/usr/share/texlive/texmf-dist/tex/generic/pgf/math/pgfmath.code.tex)) (/usr/share/texlive/texmf-dist/tex/generic/pgf/utilities/pgffor.code.tex
Package: pgffor 2023-01-15 v3.1.10 (3.1.10)
\pgffor@iter=\dimen330
\pgffor@skip=\dimen331
\pgffor@stack=\toks63
\pgffor@toks=\toks64
)) (/usr/share/texlive/texmf-dist/tex/generic/pgf/frontendlayer/tikz/tikz.code.tex
Package: tikz 2023-01-15 v3.1.10 (3.1.10)
 (/usr/share/texlive/texmf-dist/tex/generic/pgf/libraries/pgflibraryplothandlers.code.tex
File: pgflibraryplothandlers.code.tex 2023-01-15 v3.1.10 (3.1.10)
\pgf@plot@mark@count=\count359
\pgfplotmarksize=\dimen332
)
\tikz@lastx=\dimen333
\tikz@lasty=\dimen334
\tikz@lastxsaved=\dimen335
\tikz@lastysaved=\dimen336
\tikz@lastmovetox=\dimen337
\tikz@lastmovetoy=\dimen338
\tikzleveldistance=\dimen339
\tikzsiblingdistance=\dimen340
\tikz@figbox=\box88
\tikz@figbox@bg=\box89
\tikz@tempbox=\box90
\tikz@tempbox@bg=\box91
\tikztreelevel=\count360
\tikznumberofchildren=\count361
\tikznumberofcurrentchild=\count362
\tikz@fig@count=\count363
 (/usr/share/texlive/texmf-dist/tex/generic/pgf/modules/pgfmodulematrix.code.tex
File: pgfmodulematrix.code.tex 2023-01-15 v3.1.10 (3.1.10)
\pgfmatrixcurrentrow=\count364
\pgfmatrixcurrentcolumn=\count365
\pgf@matrix@numberofcolumns=\count366
)
\tikz@expandcount=\count367
 (/usr/share/texlive/texmf-dist/tex/generic/pgf/frontendlayer/tikz/libraries/tikzlibrarytopaths.code.tex
File: tikzlibrarytopaths.code.tex 2023-01-15 v3.1.10 (3.1.10)
))) (/usr/share/texlive/texmf-dist/tex/latex/tikzfill/tikzfill.image.sty
Package: tikzfill.image 2023/08/08 v1.0.1 Image filling library for TikZ
 (/usr/share/texlive/texmf-dist/tex/latex/tikzfill/tikzfill-common.sty
Package: tikzfill-common 2023/08/08 v1.0.1 Auxiliary code for tikzfill
) (/usr/share/texlive/texmf-dist/tex/latex/tikzfill/tikzlibraryfill.image.code.tex
File: tikzlibraryfill.image.code.tex 2023/08/08 v1.0.1 Image filling library
\l__tikzfill_img_box=\box92
)) (/usr/share/texlive/texmf-dist/tex/latex/tcolorbox/tcbskinsjigsaw.code.tex
Library (tcolorbox): 'tcbskinsjigsaw.code.tex' version '6.2.0'
)) (/usr/share/texlive/texmf-dist/tex/latex/tcolorbox/tcbbreakable.code.tex
Library (tcolorbox): 'tcbbreakable.code.tex' version '6.2.0'
(/usr/share/texlive/texmf-dist/tex/latex/pdfcol/pdfcol.sty
Package: pdfcol 2022-09-21 v1.7 Handle new color stacks for pdfTeX (HO)
)
Package pdfcol Info: New color stack `tcb@breakable' = 1 on input line 23.
\tcb@testbox=\box93
\tcb@totalupperbox=\box94
\tcb@totallowerbox=\box95
) (/usr/share/texlive/texmf-dist/tex/latex/tcolorbox/tcbhooks.code.tex
Library (tcolorbox): 'tcbhooks.code.tex' version '6.2.0'
)
\c@definition=\count368
\c@example=\count369
\c@theorem=\count370
LaTeX Font Info:    Font shape `T1/FiraSans-OsF/m/n' in size <10.95> not available
(Font)              Font shape `T1/FiraSans-OsF/regular/n' tried instead on input line 374.
LaTeX Font Info:    Font shape `T1/FiraSans-OsF/regular/n' will be
(Font)              scaled to size 10.95pt on input line 374.
 (./main-modular.aux)
\openout1 = `main-modular.aux'.

LaTeX Font Info:    Checking defaults for OML/cmm/m/it on input line 374.
LaTeX Font Info:    ... okay on input line 374.
LaTeX Font Info:    Checking defaults for OMS/cmsy/m/n on input line 374.
LaTeX Font Info:    ... okay on input line 374.
LaTeX Font Info:    Checking defaults for OT1/cmr/m/n on input line 374.
LaTeX Font Info:    ... okay on input line 374.
LaTeX Font Info:    Checking defaults for T1/cmr/m/n on input line 374.
LaTeX Font Info:    ... okay on input line 374.
LaTeX Font Info:    Checking defaults for TS1/cmr/m/n on input line 374.
LaTeX Font Info:    ... okay on input line 374.
LaTeX Font Info:    Checking defaults for OMX/cmex/m/n on input line 374.
LaTeX Font Info:    ... okay on input line 374.
LaTeX Font Info:    Checking defaults for U/cmr/m/n on input line 374.
LaTeX Font Info:    ... okay on input line 374.
LaTeX Font Info:    Checking defaults for LY1/ptm/m/n on input line 374.
LaTeX Font Info:    Trying to load font information for LY1+ptm on input line 374.
 (/usr/share/texlive/texmf-dist/tex/latex/ly1/ly1ptm.fd
File: ly1ptm.fd 2001/02/01 font definitions for LY1/ptm using Berry names.
)
LaTeX Font Info:    ... okay on input line 374.
LaTeX Font Info:    Checking defaults for PD1/pdf/m/n on input line 374.
LaTeX Font Info:    ... okay on input line 374.
LaTeX Font Info:    Checking defaults for PU/pdf/m/n on input line 374.
LaTeX Font Info:    ... okay on input line 374.
\c@mv@tabular=\count371
\c@mv@boldtabular=\count372
 (/usr/share/texlive/texmf-dist/tex/latex/upquote/upquote.sty
Package: upquote 2012/04/19 v1.3 upright-quote and grave-accent glyphs in verbatim
)
LaTeX Info: Redefining \microtypecontext on input line 374.
Package microtype Info: Applying patch `item' on input line 374.
Package microtype Info: Applying patch `toc' on input line 374.
Package microtype Info: Applying patch `eqnum' on input line 374.
Package microtype Info: Applying patch `footnote' on input line 374.
Package microtype Info: Applying patch `verbatim' on input line 374.
Package microtype Info: Generating PDF output.
Package microtype Info: Character protrusion enabled (level 2).
Package microtype Info: Using default protrusion set `alltext'.
Package microtype Info: Automatic font expansion enabled (level 2),
(microtype)             stretch: 20, shrink: 20, step: 1, non-selected.
Package microtype Info: Using default expansion set `alltext-nott'.
LaTeX Info: Redefining \showhyphens on input line 374.
Package microtype Info: No adjustment of tracking.
Package microtype Info: No adjustment of interword spacing.
Package microtype Info: No adjustment of character kerning.
Package microtype Info: Loading generic protrusion settings for font family
(microtype)             `FiraSans-OsF' (encoding: T1).
(microtype)             For optimal results, create family-specific settings.
(microtype)             See the microtype manual for details.
 (/usr/share/texlive/texmf-dist/tex/context/base/mkii/supp-pdf.mkii
[Loading MPS to PDF converter (version 2006.09.02).]
\scratchcounter=\count373
\scratchdimen=\dimen341
\scratchbox=\box96
\nofMPsegments=\count374
\nofMParguments=\count375
\everyMPshowfont=\toks65
\MPscratchCnt=\count376
\MPscratchDim=\dimen342
\MPnumerator=\count377
\makeMPintoPDFobject=\count378
\everyMPtoPDFconversion=\toks66
) (/usr/share/texlive/texmf-dist/tex/latex/epstopdf-pkg/epstopdf-base.sty
Package: epstopdf-base 2020-01-24 v2.11 Base part for package epstopdf
Package epstopdf-base Info: Redefining graphics rule for `.eps' on input line 485.
 (/usr/share/texlive/texmf-dist/tex/latex/latexconfig/epstopdf-sys.cfg
File: epstopdf-sys.cfg 2010/07/13 v1.3 Configuration of (r)epstopdf for TeX Live
))
Package hyperref Info: Link coloring ON on input line 374.
\@outlinefile=\write5
\openout5 = `main-modular.out'.


*geometry* driver: auto-detecting
*geometry* detected driver: pdftex
*geometry* verbose mode - [ preamble ] result:
* driver: pdftex
* paper: a4paper
* layout: <same size as paper>
* layoutoffset:(h,v)=(0.0pt,0.0pt)
* modes: 
* h-part:(L,W,R)=(71.13188pt, 455.24411pt, 71.13188pt)
* v-part:(T,H,B)=(71.13188pt, 688.5567pt, 85.35826pt)
* \paperwidth=597.50787pt
* \paperheight=845.04684pt
* \textwidth=455.24411pt
* \textheight=688.5567pt
* \oddsidemargin=-1.1381pt
* \evensidemargin=-1.1381pt
* \topmargin=-35.0119pt
* \headheight=14.0pt
* \headsep=19.8738pt
* \topskip=11.0pt
* \footskip=42.67912pt
* \marginparwidth=53.0pt
* \marginparsep=7.0pt
* \columnsep=10.0pt
* \skip\footins=10.0pt plus 4.0pt minus 2.0pt
* \hoffset=0.0pt
* \voffset=0.0pt
* \mag=1000
* \@twocolumnfalse
* \@twosidefalse
* \@mparswitchfalse
* \@reversemarginfalse
* (1in=72.27pt=25.4mm, 1cm=28.453pt)

Package caption Info: Begin \AtBeginDocument code.
Package caption Info: listings package is loaded.
Package caption Info: longtable package is loaded.
(/usr/share/texlive/texmf-dist/tex/latex/caption/ltcaption.sty
Package: ltcaption 2021/01/08 v1.4c longtable captions (AR)
)
Package caption Info: wrapfig package is loaded.
Package caption Info: End \AtBeginDocument code.
LaTeX Font Info:    Trying to load font information for OT1+lmr on input line 374.
 (/usr/share/texmf/tex/latex/lm/ot1lmr.fd
File: ot1lmr.fd 2015/05/01 v1.6.1 Font defs for Latin Modern
) (/usr/share/texlive/texmf-dist/tex/latex/microtype/mt-cmr.cfg
File: mt-cmr.cfg 2013/05/19 v2.2 microtype config. file: Computer Modern Roman (RS)
)
LaTeX Font Info:    Trying to load font information for OML+lmm on input line 374.
 (/usr/share/texmf/tex/latex/lm/omllmm.fd
File: omllmm.fd 2015/05/01 v1.6.1 Font defs for Latin Modern
)
LaTeX Font Info:    Trying to load font information for OMS+lmsy on input line 374.
 (/usr/share/texmf/tex/latex/lm/omslmsy.fd
File: omslmsy.fd 2015/05/01 v1.6.1 Font defs for Latin Modern
)
LaTeX Font Info:    Trying to load font information for OMX+lmex on input line 374.
 (/usr/share/texmf/tex/latex/lm/omxlmex.fd
File: omxlmex.fd 2015/05/01 v1.6.1 Font defs for Latin Modern
)
LaTeX Font Info:    External font `lmex10' loaded for size
(Font)              <10.95> on input line 374.
LaTeX Font Info:    External font `lmex10' loaded for size
(Font)              <8> on input line 374.
LaTeX Font Info:    External font `lmex10' loaded for size
(Font)              <6> on input line 374.
LaTeX Font Info:    Trying to load font information for U+msa on input line 374.
 (/usr/share/texlive/texmf-dist/tex/latex/amsfonts/umsa.fd
File: umsa.fd 2013/01/14 v3.01 AMS symbols A
) (/usr/share/texlive/texmf-dist/tex/latex/microtype/mt-msa.cfg
File: mt-msa.cfg 2006/02/04 v1.1 microtype config. file: AMS symbols (a) (RS)
)
LaTeX Font Info:    Trying to load font information for U+msb on input line 374.
 (/usr/share/texlive/texmf-dist/tex/latex/amsfonts/umsb.fd
File: umsb.fd 2013/01/14 v3.01 AMS symbols B
) (/usr/share/texlive/texmf-dist/tex/latex/microtype/mt-msb.cfg
File: mt-msb.cfg 2005/06/01 v1.0 microtype config. file: AMS symbols (b) (RS)
)
Package xypdf Info: Line width: 0.39998pt on input line 374.
\c@lstlisting=\count379
LaTeX Font Info:    Font shape `T1/FiraSans-OsF/m/n' in size <9> not available
(Font)              Font shape `T1/FiraSans-OsF/regular/n' tried instead on input line 378.
LaTeX Font Info:    Font shape `T1/FiraSans-OsF/regular/n' will be
(Font)              scaled to size 9.0pt on input line 378.
 [1

{/var/lib/texmf/fonts/map/pdftex/updmap/pdftex.map}{/usr/share/texlive/texmf-dist/fonts/enc/dvips/fira/fir_iln36p.enc}]
LaTeX Font Info:    Font shape `T1/FiraSans-OsF/m/n' in size <17.28> not available
(Font)              Font shape `T1/FiraSans-OsF/regular/n' tried instead on input line 378.
LaTeX Font Info:    Font shape `T1/FiraSans-OsF/regular/n' will be
(Font)              scaled to size 17.28pt on input line 378.
LaTeX Font Info:    Font shape `T1/FiraSans-OsF/m/n' in size <32> not available
(Font)              Font shape `T1/FiraSans-OsF/regular/n' tried instead on input line 378.
LaTeX Font Info:    Font shape `T1/FiraSans-OsF/regular/n' will be
(Font)              scaled to size 32.0pt on input line 378.
LaTeX Font Info:    Font shape `T1/FiraSans-OsF/l/n' in size <32> not available
(Font)              Font shape `T1/FiraSans-OsF/light/n' tried instead on input line 378.
LaTeX Font Info:    Font shape `T1/FiraSans-OsF/light/n' will be
(Font)              scaled to size 32.0pt on input line 378.
LaTeX Font Info:    Font shape `T1/FiraSans-OsF/b/n' in size <32> not available
(Font)              Font shape `T1/FiraSans-OsF/bold/n' tried instead on input line 378.
LaTeX Font Info:    Font shape `T1/FiraSans-OsF/bold/n' will be
(Font)              scaled to size 32.0pt on input line 378.
LaTeX Font Info:    Font shape `T1/FiraSans-OsF/m/n' in size <14.4> not available
(Font)              Font shape `T1/FiraSans-OsF/regular/n' tried instead on input line 378.
LaTeX Font Info:    Font shape `T1/FiraSans-OsF/regular/n' will be
(Font)              scaled to size 14.4pt on input line 378.
LaTeX Font Info:    Font shape `T1/FiraSans-OsF/l/n' in size <14.4> not available
(Font)              Font shape `T1/FiraSans-OsF/light/n' tried instead on input line 378.
LaTeX Font Info:    Font shape `T1/FiraSans-OsF/light/n' will be
(Font)              scaled to size 14.4pt on input line 378.
LaTeX Font Info:    Font shape `T1/FiraSans-OsF/m/n' in size <12> not available
(Font)              Font shape `T1/FiraSans-OsF/regular/n' tried instead on input line 378.
LaTeX Font Info:    Font shape `T1/FiraSans-OsF/regular/n' will be
(Font)              scaled to size 12.0pt on input line 378.
LaTeX Font Info:    External font `lmex10' loaded for size
(Font)              <12> on input line 378.
LaTeX Font Info:    Font shape `T1/FiraSans-OsF/b/n' in size <14.4> not available
(Font)              Font shape `T1/FiraSans-OsF/bold/n' tried instead on input line 378.
LaTeX Font Info:    Font shape `T1/FiraSans-OsF/bold/n' will be
(Font)              scaled to size 14.4pt on input line 378.
LaTeX Font Info:    Trying to load font information for T1+SourceSerifPro-LF on input line 378.
 (/usr/share/texlive/texmf-dist/tex/latex/sourceserifpro/T1SourceSerifPro-LF.fd
File: T1SourceSerifPro-LF.fd 2018/09/05 (autoinst) Font definitions for T1/SourceSerifPro-LF.
)
LaTeX Font Info:    Font shape `T1/SourceSerifPro-LF/m/n' will be
(Font)              scaled to size 10.95pt on input line 378.
Package microtype Info: Loading generic protrusion settings for font family
(microtype)             `SourceSerifPro-LF' (encoding: T1).
(microtype)             For optimal results, create family-specific settings.
(microtype)             See the microtype manual for details.
LaTeX Font Info:    Font shape `T1/FiraSans-OsF/l/n' in size <12> not available
(Font)              Font shape `T1/FiraSans-OsF/light/n' tried instead on input line 378.
LaTeX Font Info:    Font shape `T1/FiraSans-OsF/light/n' will be
(Font)              scaled to size 12.0pt on input line 378.
LaTeX Font Info:    Font shape `T1/FiraSans-OsF/b/n' in size <12> not available
(Font)              Font shape `T1/FiraSans-OsF/bold/n' tried instead on input line 378.
LaTeX Font Info:    Font shape `T1/FiraSans-OsF/bold/n' will be
(Font)              scaled to size 12.0pt on input line 378.

pdfTeX warning (ext4): destination with the same identifier (name{page.1}) has been already used, duplicate ignored
<to be read again> 
                   \relax 
l.378 \thispagestyle
                    {empty} [1

{/usr/share/texlive/texmf-dist/fonts/enc/dvips/sourceserifpro/a_rlbtkr.enc}{/usr/share/texmf/fonts/enc/dvips/lm/lm-mathsy.enc}] (./chapters/abstract.tex
LaTeX Font Info:    Font shape `T1/FiraSans-OsF/l/n' in size <20.74> not available
(Font)              Font shape `T1/FiraSans-OsF/light/n' tried instead on input line 4.
LaTeX Font Info:    Font shape `T1/FiraSans-OsF/light/n' will be
(Font)              scaled to size 20.74pt on input line 4.
LaTeX Font Info:    Font shape `T1/FiraSans-OsF/b/n' in size <20.74> not available
(Font)              Font shape `T1/FiraSans-OsF/bold/n' tried instead on input line 4.
LaTeX Font Info:    Font shape `T1/FiraSans-OsF/bold/n' will be
(Font)              scaled to size 20.74pt on input line 4.
LaTeX Font Info:    Font shape `T1/FiraSans-OsF/b/n' in size <10.95> not available
(Font)              Font shape `T1/FiraSans-OsF/bold/n' tried instead on input line 12.
LaTeX Font Info:    Font shape `T1/FiraSans-OsF/bold/n' will be
(Font)              scaled to size 10.95pt on input line 12.
) (./chapters/conventions.tex [1


]
LaTeX Font Info:    Trying to load font information for U+fontawesomefree3 on input line 12.
 (/usr/share/texlive/texmf-dist/tex/latex/fontawesome5/ufontawesomefree3.fd)
LaTeX Font Info:    Trying to load font information for U+fontawesomefree2 on input line 18.
 (/usr/share/texlive/texmf-dist/tex/latex/fontawesome5/ufontawesomefree2.fd)
LaTeX Font Info:    Trying to load font information for U+fontawesomefree1 on input line 24.
 (/usr/share/texlive/texmf-dist/tex/latex/fontawesome5/ufontawesomefree1.fd)
LaTeX Font Info:    Trying to load font information for U+fontawesomefree0 on input line 36.
 (/usr/share/texlive/texmf-dist/tex/latex/fontawesome5/ufontawesomefree0.fd) [2

{/usr/share/texlive/texmf-dist/fonts/enc/dvips/fontawesome5/fa5free3.enc}{/usr/share/texlive/texmf-dist/fonts/enc/dvips/fontawesome5/fa5free2.enc}{/usr/share/texlive/texmf-dist/fonts/enc/dvips/fontawesome5/fa5free1.enc}{/usr/share/texlive/texmf-dist/fonts/enc/dvips/fontawesome5/fa5free0.enc}]
LaTeX Font Info:    Trying to load font information for TS1+FiraSans-OsF on input line 56.
 (/usr/share/texlive/texmf-dist/tex/latex/fira/TS1FiraSans-OsF.fd
File: TS1FiraSans-OsF.fd 2019/10/10 (autoinst) Font definitions for TS1/FiraSans-OsF.
)
LaTeX Font Info:    Font shape `TS1/FiraSans-OsF/m/n' in size <10.95> not available
(Font)              Font shape `TS1/FiraSans-OsF/regular/n' tried instead on input line 56.
LaTeX Font Info:    Font shape `TS1/FiraSans-OsF/regular/n' will be
(Font)              scaled to size 10.95pt on input line 56.
Package microtype Info: Loading generic protrusion settings for font family
(microtype)             `FiraSans-OsF' (encoding: TS1).
(microtype)             For optimal results, create family-specific settings.
(microtype)             See the microtype manual for details.
LaTeX Font Info:    Font shape `T1/FiraSans-OsF/m/it' in size <10.95> not available
(Font)              Font shape `T1/FiraSans-OsF/regular/it' tried instead on input line 56.
LaTeX Font Info:    Font shape `T1/FiraSans-OsF/regular/it' will be
(Font)              scaled to size 10.95pt on input line 56.
LaTeX Font Info:    Trying to load font information for T1+zi4 on input line 58.
 (/usr/share/texlive/texmf-dist/tex/latex/inconsolata/t1zi4.fd
File: t1zi4.fd 2018/01/14 T1/zi4 (Inconsolata)
)
LaTeX Font Info:    Font shape `T1/zi4/m/n' will be
(Font)              scaled to size 10.95pt on input line 58.
Package microtype Info: Loading generic protrusion settings for font family
(microtype)             `zi4' (encoding: T1).
(microtype)             For optimal results, create family-specific settings.
(microtype)             See the microtype manual for details.
) [3{/usr/share/texlive/texmf-dist/fonts/enc/dvips/fira/fir_d67aat.enc}{/usr/share/texlive/texmf-dist/fonts/enc/dvips/inconsolata/i4-t1-0.enc}{/usr/share/texmf/fonts/enc/dvips/lm/lm-mathit.enc}]
LaTeX Font Info:    Font shape `T1/FiraSans-OsF/m/n' in size <24.88> not available
(Font)              Font shape `T1/FiraSans-OsF/regular/n' tried instead on input line 391.
LaTeX Font Info:    Font shape `T1/FiraSans-OsF/regular/n' will be
(Font)              scaled to size 24.88pt on input line 391.
LaTeX Font Info:    Font shape `T1/FiraSans-OsF/b/n' in size <24.88> not available
(Font)              Font shape `T1/FiraSans-OsF/bold/n' tried instead on input line 391.
LaTeX Font Info:    Font shape `T1/FiraSans-OsF/bold/n' will be
(Font)              scaled to size 24.88pt on input line 391.

No file main-modular.toc.
\tf@toc=\write6
\openout6 = `main-modular.toc'.

[4

] (./chapters/introduction.tex
pdfTeX warning (ext4): destination with the same identifier (name{page.1}) has been already used, duplicate ignored
<to be read again> 
                   \relax 
l.34     \item[Chapter 1]
                          presents the classical paradigm of image segmentat... [1


]) (./chapters/chapter1.tex [2]
Chapter 1.
LaTeX Font Info:    Font shape `T1/FiraSans-OsF/l/n' in size <72> not available
(Font)              Font shape `T1/FiraSans-OsF/light/n' tried instead on input line 4.
LaTeX Font Info:    Font shape `T1/FiraSans-OsF/light/n' will be
(Font)              scaled to size 72.0pt on input line 4.

Underfull \hbox (badness 1622) in paragraph at lines 36--37
[]\T1/FiraSans-OsF/regular/n/10.95 (+20) For an im-age $\OML/lmm/m/it/10.95 I$ \T1/FiraSans-OsF/regular/n/10.95 (+20) de-fined over a do-main $\OT1/lmr/m/n/10.95 
$\T1/FiraSans-OsF/regular/n/10.95 (+20) , seg-men-ta-tion pro-duces a par-ti-tion
 []

LaTeX Font Info:    Font shape `T1/FiraSans-OsF/m/n' in size <8> not available
(Font)              Font shape `T1/FiraSans-OsF/regular/n' tried instead on input line 40.
LaTeX Font Info:    Font shape `T1/FiraSans-OsF/regular/n' will be
(Font)              scaled to size 8.0pt on input line 40.
LaTeX Font Info:    Font shape `T1/FiraSans-OsF/m/n' in size <6> not available
(Font)              Font shape `T1/FiraSans-OsF/regular/n' tried instead on input line 40.
LaTeX Font Info:    Font shape `T1/FiraSans-OsF/regular/n' will be
(Font)              scaled to size 6.0pt on input line 40.
[3

{/usr/share/texmf/fonts/enc/dvips/lm/lm-rm.enc}{/usr/share/texmf/fonts/enc/dvips/lm/lm-mathex.enc}] [4]
Package hyperref Info: bookmark level for unknown algorithm defaults to 0 on input line 80.

./chapters/chapter1.tex:82: Undefined control sequence.
l.82 \STATE
            \textbf{Input:} Dataset $X = \{x_1, \ldots, x_n\}$, number of cl...
The control sequence at the end of the top line
of your error message was never \def'ed. If you have
misspelled it (e.g., `\hobx'), type `I' and the correct
spelling (e.g., `I\hbox'). Otherwise just continue,
and I'll forget about whatever was undefined.

./chapters/chapter1.tex:83: Undefined control sequence.
l.83 \STATE
            \textbf{Output:} Cluster assignments and centroids
The control sequence at the end of the top line
of your error message was never \def'ed. If you have
misspelled it (e.g., `\hobx'), type `I' and the correct
spelling (e.g., `I\hbox'). Otherwise just continue,
and I'll forget about whatever was undefined.

./chapters/chapter1.tex:84: Undefined control sequence.
l.84 \STATE
            Initialize $k$ cluster centroids $\{\mu_1, \ldots, \mu_k\}$ rand...
The control sequence at the end of the top line
of your error message was never \def'ed. If you have
misspelled it (e.g., `\hobx'), type `I' and the correct
spelling (e.g., `I\hbox'). Otherwise just continue,
and I'll forget about whatever was undefined.

./chapters/chapter1.tex:85: Undefined control sequence.
l.85 \REPEAT
            
The control sequence at the end of the top line
of your error message was never \def'ed. If you have
misspelled it (e.g., `\hobx'), type `I' and the correct
spelling (e.g., `I\hbox'). Otherwise just continue,
and I'll forget about whatever was undefined.

./chapters/chapter1.tex:86: Undefined control sequence.
l.86     \STATE
                \textbf{Assignment step:} Assign each $x_i$ to nearest centr...
The control sequence at the end of the top line
of your error message was never \def'ed. If you have
misspelled it (e.g., `\hobx'), type `I' and the correct
spelling (e.g., `I\hbox'). Otherwise just continue,
and I'll forget about whatever was undefined.

./chapters/chapter1.tex:87: Undefined control sequence.
l.87     \STATE
                \quad $c_i = \arg\min_j \|x_i - \mu_j\|^2$
The control sequence at the end of the top line
of your error message was never \def'ed. If you have
misspelled it (e.g., `\hobx'), type `I' and the correct
spelling (e.g., `I\hbox'). Otherwise just continue,
and I'll forget about whatever was undefined.

./chapters/chapter1.tex:88: Undefined control sequence.
l.88     \STATE
                \textbf{Update step:} Recompute centroids:
The control sequence at the end of the top line
of your error message was never \def'ed. If you have
misspelled it (e.g., `\hobx'), type `I' and the correct
spelling (e.g., `I\hbox'). Otherwise just continue,
and I'll forget about whatever was undefined.

./chapters/chapter1.tex:89: Undefined control sequence.
l.89     \STATE
                \quad $\mu_j = \frac{1}{|C_j|} \sum_{x_i \in C_j} x_i$
The control sequence at the end of the top line
of your error message was never \def'ed. If you have
misspelled it (e.g., `\hobx'), type `I' and the correct
spelling (e.g., `I\hbox'). Otherwise just continue,
and I'll forget about whatever was undefined.

./chapters/chapter1.tex:90: Undefined control sequence.
l.90 \UNTIL
           {convergence (centroids no longer change)}
The control sequence at the end of the top line
of your error message was never \def'ed. If you have
misspelled it (e.g., `\hobx'), type `I' and the correct
spelling (e.g., `I\hbox'). Otherwise just continue,
and I'll forget about whatever was undefined.


./chapters/chapter1.tex:91: LaTeX Error: Something's wrong--perhaps a missing \item.

See the LaTeX manual or LaTeX Companion for explanation.
Type  H <return>  for immediate help.
 ...                                              
                                                  
l.91 \end{algorithmic}
                      
Try typing  <return>  to proceed.
If that doesn't work, type  X <return>  to quit.

[5] [6] [7] [8] [9]) (./chapters/chapter2.tex [10]
Chapter 2.
[11

] [12] [13] (./chapters/algorithms/quantum-kmeans.tex
./chapters/algorithms/quantum-kmeans.tex:15: Undefined control sequence.
l.15 \STATE
            \textbf{Input:} Quantum access to data matrix $V \in \mathbb{R}^...
The control sequence at the end of the top line
of your error message was never \def'ed. If you have
misspelled it (e.g., `\hobx'), type `I' and the correct
spelling (e.g., `I\hbox'). Otherwise just continue,
and I'll forget about whatever was undefined.

./chapters/algorithms/quantum-kmeans.tex:16: Undefined control sequence.
l.16 \STATE
            Initialize centroids using quantum sampling
The control sequence at the end of the top line
of your error message was never \def'ed. If you have
misspelled it (e.g., `\hobx'), type `I' and the correct
spelling (e.g., `I\hbox'). Otherwise just continue,
and I'll forget about whatever was undefined.

./chapters/algorithms/quantum-kmeans.tex:17: Undefined control sequence.
l.17 \REPEAT
            
The control sequence at the end of the top line
of your error message was never \def'ed. If you have
misspelled it (e.g., `\hobx'), type `I' and the correct
spelling (e.g., `I\hbox'). Otherwise just continue,
and I'll forget about whatever was undefined.

./chapters/algorithms/quantum-kmeans.tex:18: Undefined control sequence.
l.18     \STATE
                Use quantum distance estimation to find nearest centroid for...
The control sequence at the end of the top line
of your error message was never \def'ed. If you have
misspelled it (e.g., `\hobx'), type `I' and the correct
spelling (e.g., `I\hbox'). Otherwise just continue,
and I'll forget about whatever was undefined.

./chapters/algorithms/quantum-kmeans.tex:19: Undefined control sequence.
l.19     \STATE
                Update centroids using quantum linear algebra
The control sequence at the end of the top line
of your error message was never \def'ed. If you have
misspelled it (e.g., `\hobx'), type `I' and the correct
spelling (e.g., `I\hbox'). Otherwise just continue,
and I'll forget about whatever was undefined.

./chapters/algorithms/quantum-kmeans.tex:20: Undefined control sequence.
l.20 \UNTIL
           {convergence}
The control sequence at the end of the top line
of your error message was never \def'ed. If you have
misspelled it (e.g., `\hobx'), type `I' and the correct
spelling (e.g., `I\hbox'). Otherwise just continue,
and I'll forget about whatever was undefined.

./chapters/algorithms/quantum-kmeans.tex:21: Undefined control sequence.
l.21 \STATE
            \textbf{Output:} Cluster assignments
The control sequence at the end of the top line
of your error message was never \def'ed. If you have
misspelled it (e.g., `\hobx'), type `I' and the correct
spelling (e.g., `I\hbox'). Otherwise just continue,
and I'll forget about whatever was undefined.


./chapters/algorithms/quantum-kmeans.tex:22: LaTeX Error: Something's wrong--perhaps a missing \item.

See the LaTeX manual or LaTeX Companion for explanation.
Type  H <return>  for immediate help.
 ...                                              
                                                  
l.22 \end{algorithmic}
                      
Try typing  <return>  to proceed.
If that doesn't work, type  X <return>  to quit.

) (./chapters/algorithms/quantum-spectral.tex [14]) (./chapters/algorithms/variational-quantum.tex [15]) (./chapters/algorithms/quantum-fuzzy.tex) (./chapters/algorithms/comparative-analysis.tex

LaTeX Warning: Reference `tab:quantum-comparison' on page 16 undefined on input line 6.

[16])) (./chapters/conclusion.tex [17] [18

]) [19]
No file main-modular.bbl.
(./appendices/appendix-a-quantum-primer.tex [20


] [21] [22] [23]) (./appendices/appendix-b-fuzzy-logic.tex [24] [25

] [26]) [27] (./main-modular.aux)
 ***********
LaTeX2e <2023-11-01> patch level 1
L3 programming layer <2024-01-22>
 ***********


LaTeX Warning: There were undefined references.


LaTeX Warning: Label(s) may have changed. Rerun to get cross-references right.


Package rerunfilecheck Warning: File `main-modular.out' has changed.
(rerunfilecheck)                Rerun to get outlines right
(rerunfilecheck)                or use package `bookmark'.

Package rerunfilecheck Info: Checksums for `main-modular.out':
(rerunfilecheck)             Before: <no file>
(rerunfilecheck)             After:  FD8E094247F034EA887B8F91177F2F35;13565.
 ) 
Here is how much of TeX's memory you used:
 40798 strings out of 476106
 774523 string characters out of 5793932
 1944975 words of memory out of 5000000
 61559 multiletter control sequences out of 15000+600000
 969395 words of font info for 324 fonts, out of 8000000 for 9000
 59 hyphenation exceptions out of 8191
 83i,15n,131p,1506b,1010s stack positions out of 10000i,1000n,20000p,200000b,200000s
</usr/share/texlive/texmf-dist/fonts/type1/public/fira/FiraSans-Bold.pfb></usr/share/texlive/texmf-dist/fonts/type1/public/fira/FiraSans-Italic.pfb></usr/share/texlive/texmf-dist/fonts/type1/public/fira/FiraSans-Light.pfb></usr/share/texlive/texmf-dist/fonts/type1/public/fira/FiraSans-Regular.pfb></usr/share/texlive/texmf-dist/fonts/type1/public/fontawesome5/FontAwesome5Free-Solid.pfb></usr/share/texlive/texmf-dist/fonts/type1/public/inconsolata/Inconsolata-zi4r.pfb></usr/share/texlive/texmf-dist/fonts/type1/adobe/sourceserifpro/SourceSerifPro-Regular.pfb></usr/share/texmf/fonts/type1/public/lm/lmbx10.pfb></usr/share/texmf/fonts/type1/public/lm/lmbx8.pfb></usr/share/texmf/fonts/type1/public/lm/lmex10.pfb></usr/share/texmf/fonts/type1/public/lm/lmmi10.pfb></usr/share/texmf/fonts/type1/public/lm/lmmi6.pfb></usr/share/texmf/fonts/type1/public/lm/lmmi8.pfb></usr/share/texmf/fonts/type1/public/lm/lmmib10.pfb></usr/share/texmf/fonts/type1/public/lm/lmr10.pfb></usr/share/texmf/fonts/type1/public/lm/lmr6.pfb></usr/share/texmf/fonts/type1/public/lm/lmr8.pfb></usr/share/texmf/fonts/type1/public/lm/lmsy10.pfb></usr/share/texmf/fonts/type1/public/lm/lmsy6.pfb></usr/share/texmf/fonts/type1/public/lm/lmsy8.pfb></usr/share/texlive/texmf-dist/fonts/type1/public/amsfonts/symbols/msbm10.pfb>
Output written on main-modular.pdf (33 pages, 471427 bytes).
PDF statistics:
 466 PDF objects out of 1000 (max. 8388607)
 381 compressed objects within 4 object streams
 181 named destinations out of 1000 (max. 500000)
 88077 words of extra memory for PDF output out of 89155 (max. 10000000)

